<?xml version="1.0" encoding="UTF-8"?>
<testsuite xmlns:xsi="http://www.w3.org/2001/XMLSchema-instance" xsi:noNamespaceSchemaLocation="https://maven.apache.org/surefire/maven-surefire-plugin/xsd/surefire-test-report-3.0.xsd" version="3.0" name="tek.capstone.runner.TestRunner" time="224.744" tests="20" errors="6" skipped="0" failures="0">
  <properties>
[...]
</properties>
  <testcase name="Verify Shop by Department sidebar" classname="Retail Home Page" time="3.428">
    <system-out><![CDATA[
@Regression
Scenario: Verify Shop by Department sidebar                    # features/Home.feature:9
{browser=chrome, headless=true, url=https://tek-retail-ui.azurewebsites.net/}
 INFO [main] (SignInSteps.java:21)- User is on retail website
  Given User is on retail website                              # tek.capstone.steps.SignInSteps.userIsOnRetailWebsite()
 INFO [main] (RetailHomeSteps.java:21)- All departments section has clicked successfully
  When User click on All section                               # tek.capstone.steps.RetailHomeSteps.userClickOnAllSection()
[Electronics, Computers, Smart Home, Sports, Automative]
 INFO [main] (RetailHomeSteps.java:37)- Options: Electronics, Computers, Smart Home, Sports, and Automative are present.
  Then below options are present in Shop by Department sidebar # tek.capstone.steps.RetailHomeSteps.belowOptionsArePresentInShopByDepartmentSidebar(io.cucumber.datatable.DataTable)
    | Electronics | Computers | Smart Home | Sports | Automative |
]]></system-out>
    <system-err><![CDATA[SLF4J: Failed to load class "org.slf4j.impl.StaticLoggerBinder".
SLF4J: Defaulting to no-operation (NOP) logger implementation
SLF4J: See http://www.slf4j.org/codes.html#StaticLoggerBinder for further details.
ERROR StatusLogger Log4j2 could not find a logging implementation. Please add log4j-core to the classpath. Using SimpleLogger to log to the console...
Starting ChromeDriver 113.0.5672.63 (0e1a4471d5ae5bf128b1bd8f4d627c8cbd55f70c-refs/branch-heads/5672@{#912}) on port 17215
Only local connections are allowed.
Please see https://chromedriver.chromium.org/security-considerations for suggestions on keeping ChromeDriver safe.
ChromeDriver was started successfully.
May 31, 2023 9:10:58 PM org.openqa.selenium.devtools.CdpVersionFinder findNearestMatch
WARNING: Unable to find an exact match for CDP version 113, so returning the closest version found: 112
]]></system-err>
  </testcase>
  <testcase name="Verify department sidebar options #1" classname="Retail Home Page" time="1.802">
    <system-out><![CDATA[
@Regression
Scenario Outline: Verify department sidebar options # features/Home.feature:21
{browser=chrome, headless=true, url=https://tek-retail-ui.azurewebsites.net/}
 INFO [main] (SignInSteps.java:21)- User is on retail website
  Given User is on retail website                   # tek.capstone.steps.SignInSteps.userIsOnRetailWebsite()
 INFO [main] (RetailHomeSteps.java:21)- All departments section has clicked successfully
  When User click on All section                    # tek.capstone.steps.RetailHomeSteps.userClickOnAllSection()
 INFO [main] (RetailHomeSteps.java:48)- User is on Electronics section
  And User on 'Electronics'                         # tek.capstone.steps.RetailHomeSteps.userOn(java.lang.String)
  Then below options are present in department      # tek.capstone.steps.RetailHomeSteps.belowOptionsArePresentInDepartment(io.cucumber.datatable.DataTable)
    | TV & Video | Video Games |
]]></system-out>
    <system-err><![CDATA[Starting ChromeDriver 113.0.5672.63 (0e1a4471d5ae5bf128b1bd8f4d627c8cbd55f70c-refs/branch-heads/5672@{#912}) on port 32252
Only local connections are allowed.
Please see https://chromedriver.chromium.org/security-considerations for suggestions on keeping ChromeDriver safe.
ChromeDriver was started successfully.
May 31, 2023 9:11:00 PM org.openqa.selenium.devtools.CdpVersionFinder findNearestMatch
WARNING: Unable to find an exact match for CDP version 113, so returning the closest version found: 112
]]></system-err>
  </testcase>
  <testcase name="Verify department sidebar options #2" classname="Retail Home Page" time="1.97">
    <system-out><![CDATA[
@Regression
Scenario Outline: Verify department sidebar options # features/Home.feature:22
{browser=chrome, headless=true, url=https://tek-retail-ui.azurewebsites.net/}
 INFO [main] (SignInSteps.java:21)- User is on retail website
  Given User is on retail website                   # tek.capstone.steps.SignInSteps.userIsOnRetailWebsite()
 INFO [main] (RetailHomeSteps.java:21)- All departments section has clicked successfully
  When User click on All section                    # tek.capstone.steps.RetailHomeSteps.userClickOnAllSection()
 INFO [main] (RetailHomeSteps.java:52)- User is on Computers section
  And User on 'Computers'                           # tek.capstone.steps.RetailHomeSteps.userOn(java.lang.String)
  Then below options are present in department      # tek.capstone.steps.RetailHomeSteps.belowOptionsArePresentInDepartment(io.cucumber.datatable.DataTable)
    | Accessories | Networking |
]]></system-out>
    <system-err><![CDATA[Starting ChromeDriver 113.0.5672.63 (0e1a4471d5ae5bf128b1bd8f4d627c8cbd55f70c-refs/branch-heads/5672@{#912}) on port 45434
Only local connections are allowed.
Please see https://chromedriver.chromium.org/security-considerations for suggestions on keeping ChromeDriver safe.
ChromeDriver was started successfully.
May 31, 2023 9:11:02 PM org.openqa.selenium.devtools.CdpVersionFinder findNearestMatch
WARNING: Unable to find an exact match for CDP version 113, so returning the closest version found: 112
]]></system-err>
  </testcase>
  <testcase name="Verify department sidebar options #3" classname="Retail Home Page" time="1.908">
    <system-out><![CDATA[
@Regression
Scenario Outline: Verify department sidebar options # features/Home.feature:23
{browser=chrome, headless=true, url=https://tek-retail-ui.azurewebsites.net/}
 INFO [main] (SignInSteps.java:21)- User is on retail website
  Given User is on retail website                   # tek.capstone.steps.SignInSteps.userIsOnRetailWebsite()
 INFO [main] (RetailHomeSteps.java:21)- All departments section has clicked successfully
  When User click on All section                    # tek.capstone.steps.RetailHomeSteps.userClickOnAllSection()
 INFO [main] (RetailHomeSteps.java:56)- User is on Smart Home section
  And User on 'Smart Home'                          # tek.capstone.steps.RetailHomeSteps.userOn(java.lang.String)
  Then below options are present in department      # tek.capstone.steps.RetailHomeSteps.belowOptionsArePresentInDepartment(io.cucumber.datatable.DataTable)
    | Smart Home Lightning | Plugs and Outlets |
]]></system-out>
    <system-err><![CDATA[Starting ChromeDriver 113.0.5672.63 (0e1a4471d5ae5bf128b1bd8f4d627c8cbd55f70c-refs/branch-heads/5672@{#912}) on port 40847
Only local connections are allowed.
Please see https://chromedriver.chromium.org/security-considerations for suggestions on keeping ChromeDriver safe.
ChromeDriver was started successfully.
May 31, 2023 9:11:04 PM org.openqa.selenium.devtools.CdpVersionFinder findNearestMatch
WARNING: Unable to find an exact match for CDP version 113, so returning the closest version found: 112
]]></system-err>
  </testcase>
  <testcase name="Verify department sidebar options #4" classname="Retail Home Page" time="2.081">
    <system-out><![CDATA[
@Regression
Scenario Outline: Verify department sidebar options # features/Home.feature:24
{browser=chrome, headless=true, url=https://tek-retail-ui.azurewebsites.net/}
 INFO [main] (SignInSteps.java:21)- User is on retail website
  Given User is on retail website                   # tek.capstone.steps.SignInSteps.userIsOnRetailWebsite()
 INFO [main] (RetailHomeSteps.java:21)- All departments section has clicked successfully
  When User click on All section                    # tek.capstone.steps.RetailHomeSteps.userClickOnAllSection()
 INFO [main] (RetailHomeSteps.java:60)- User is on Sports section
  And User on 'Sports'                              # tek.capstone.steps.RetailHomeSteps.userOn(java.lang.String)
  Then below options are present in department      # tek.capstone.steps.RetailHomeSteps.belowOptionsArePresentInDepartment(io.cucumber.datatable.DataTable)
    | Athletic Clothing | Exercise & Fitness |
]]></system-out>
    <system-err><![CDATA[Starting ChromeDriver 113.0.5672.63 (0e1a4471d5ae5bf128b1bd8f4d627c8cbd55f70c-refs/branch-heads/5672@{#912}) on port 47379
Only local connections are allowed.
Please see https://chromedriver.chromium.org/security-considerations for suggestions on keeping ChromeDriver safe.
ChromeDriver was started successfully.
May 31, 2023 9:11:06 PM org.openqa.selenium.devtools.CdpVersionFinder findNearestMatch
WARNING: Unable to find an exact match for CDP version 113, so returning the closest version found: 112
]]></system-err>
  </testcase>
  <testcase name="Verify department sidebar options #5" classname="Retail Home Page" time="2.175">
    <system-out><![CDATA[
@Regression
Scenario Outline: Verify department sidebar options # features/Home.feature:25
{browser=chrome, headless=true, url=https://tek-retail-ui.azurewebsites.net/}
 INFO [main] (SignInSteps.java:21)- User is on retail website
  Given User is on retail website                   # tek.capstone.steps.SignInSteps.userIsOnRetailWebsite()
 INFO [main] (RetailHomeSteps.java:21)- All departments section has clicked successfully
  When User click on All section                    # tek.capstone.steps.RetailHomeSteps.userClickOnAllSection()
 INFO [main] (RetailHomeSteps.java:64)- User is on Automative section
  And User on 'Automotive'                          # tek.capstone.steps.RetailHomeSteps.userOn(java.lang.String)
  Then below options are present in department      # tek.capstone.steps.RetailHomeSteps.belowOptionsArePresentInDepartment(io.cucumber.datatable.DataTable)
    | Automative Parts & Accessories | MotorCycle & Powersports |
]]></system-out>
    <system-err><![CDATA[Starting ChromeDriver 113.0.5672.63 (0e1a4471d5ae5bf128b1bd8f4d627c8cbd55f70c-refs/branch-heads/5672@{#912}) on port 1659
Only local connections are allowed.
Please see https://chromedriver.chromium.org/security-considerations for suggestions on keeping ChromeDriver safe.
ChromeDriver was started successfully.
May 31, 2023 9:11:08 PM org.openqa.selenium.devtools.CdpVersionFinder findNearestMatch
WARNING: Unable to find an exact match for CDP version 113, so returning the closest version found: 112
]]></system-err>
  </testcase>
  <testcase name="Verify User can update Profile Information" classname="Retail Account Page" time="24.356">
    <error message="Expected condition failed: waiting for element to be clickable: [[ChromeDriver: chrome on WINDOWS (174a248af319122bee553885e4fbf082)] -&gt; xpath: //button[@id=&apos;personalUpdateBtn&apos;]] (tried for 20 second(s) with 500 milliseconds interval)&#10;Build info: version: &apos;4.9.0&apos;, revision: &apos;d7057100a6&apos;&#10;System info: os.name: &apos;Windows 11&apos;, os.arch: &apos;amd64&apos;, os.version: &apos;10.0&apos;, java.version: &apos;11.0.16.1&apos;&#10;Driver info: org.openqa.selenium.chrome.ChromeDriver&#10;Capabilities {acceptInsecureCerts: false, browserName: chrome, browserVersion: 113.0.5672.129, chrome: {chromedriverVersion: 113.0.5672.63 (0e1a4471d5ae..., userDataDir: C:\Users\israr\AppData\Loca...}, goog:chromeOptions: {debuggerAddress: localhost:59096}, networkConnectionEnabled: false, pageLoadStrategy: normal, platformName: WINDOWS, proxy: Proxy(), se:cdp: ws://localhost:59096/devtoo..., se:cdpVersion: 113.0.5672.129, setWindowRect: true, strictFileInteractability: false, timeouts: {implicit: 0, pageLoad: 300000, script: 30000}, unhandledPromptBehavior: dismiss and notify, webauthn:extension:credBlob: true, webauthn:extension:largeBlob: true, webauthn:extension:minPinLength: true, webauthn:extension:prf: true, webauthn:virtualAuthenticators: true}&#10;Session ID: 174a248af319122bee553885e4fbf082" type="org.openqa.selenium.TimeoutException"><![CDATA[org.openqa.selenium.TimeoutException: 
Expected condition failed: waiting for element to be clickable: [[ChromeDriver: chrome on WINDOWS (174a248af319122bee553885e4fbf082)] -> xpath: //button[@id='personalUpdateBtn']] (tried for 20 second(s) with 500 milliseconds interval)
Build info: version: '4.9.0', revision: 'd7057100a6'
System info: os.name: 'Windows 11', os.arch: 'amd64', os.version: '10.0', java.version: '11.0.16.1'
Driver info: org.openqa.selenium.chrome.ChromeDriver
Capabilities {acceptInsecureCerts: false, browserName: chrome, browserVersion: 113.0.5672.129, chrome: {chromedriverVersion: 113.0.5672.63 (0e1a4471d5ae..., userDataDir: C:\Users\israr\AppData\Loca...}, goog:chromeOptions: {debuggerAddress: localhost:59096}, networkConnectionEnabled: false, pageLoadStrategy: normal, platformName: WINDOWS, proxy: Proxy(), se:cdp: ws://localhost:59096/devtoo..., se:cdpVersion: 113.0.5672.129, setWindowRect: true, strictFileInteractability: false, timeouts: {implicit: 0, pageLoad: 300000, script: 30000}, unhandledPromptBehavior: dismiss and notify, webauthn:extension:credBlob: true, webauthn:extension:largeBlob: true, webauthn:extension:minPinLength: true, webauthn:extension:prf: true, webauthn:virtualAuthenticators: true}
Session ID: 174a248af319122bee553885e4fbf082
	at org.openqa.selenium.support.ui.WebDriverWait.timeoutException(WebDriverWait.java:87)
	at org.openqa.selenium.support.ui.FluentWait.until(FluentWait.java:231)
	at tek.capstone.utilities.CommonUtilities.waitTillClickable(CommonUtilities.java:29)
	at tek.capstone.utilities.CommonUtilities.click(CommonUtilities.java:45)
	at tek.capstone.steps.RetailAccountSteps.userClickOnUpdateButton(RetailAccountSteps.java:37)
	at ✽.User click on Update button(classpath:features/RetailAccount.feature:15)
]]></error>
    <system-out><![CDATA[
@Regression
Scenario: Verify User can update Profile Information                   # features/RetailAccount.feature:12
{browser=chrome, headless=true, url=https://tek-retail-ui.azurewebsites.net/}
 INFO [main] (SignInSteps.java:21)- User is on retail website
  Given User is on retail website                                      # tek.capstone.steps.SignInSteps.userIsOnRetailWebsite()
 INFO [main] (SignInSteps.java:27)- User successfully clicked on signin option.
  When User click on Sign in option                                    # tek.capstone.steps.SignInSteps.userClickOnSignInOption()
 INFO [main] (SignInSteps.java:33)- israr07@tekschool.us was entered successfully !
 INFO [main] (SignInSteps.java:35)- Tek@12345 was entered successfully !
  And User enter email 'israr07@tekschool.us' and password 'Tek@12345' # tek.capstone.steps.SignInSteps.userEnterEmailAndPassword(java.lang.String,java.lang.String)
 INFO [main] (SignInSteps.java:41)- User successfully clicked on login button.
  And User click on login button                                       # tek.capstone.steps.SignInSteps.userClickOnLoginButton()
 INFO [main] (SignInSteps.java:50)- User successfully logged in into account
  And User should be logged in into Account                            # tek.capstone.steps.SignInSteps.userShouldBeLoggedInIntoAccount()
 INFO [main] (RetailAccountSteps.java:22)- User successfully clicked on Account option.
  When User click on Account option                                    # tek.capstone.steps.RetailAccountSteps.userClickOnAccountOption()
 INFO [main] (RetailAccountSteps.java:32)- User successfully entered new name and phone number.
  And User update Name 'Israr Ali' and Phone '757-777-9979'            # tek.capstone.steps.RetailAccountSteps.userUpdateNameAndPhone(java.lang.String,java.lang.String)
  And User click on Update button                                      # tek.capstone.steps.RetailAccountSteps.userClickOnUpdateButton()
      org.openqa.selenium.TimeoutException: Expected condition failed: waiting for element to be clickable: [[ChromeDriver: chrome on WINDOWS (174a248af319122bee553885e4fbf082)] -> xpath: //button[@id='personalUpdateBtn']] (tried for 20 second(s) with 500 milliseconds interval)
Build info: version: '4.9.0', revision: 'd7057100a6'
System info: os.name: 'Windows 11', os.arch: 'amd64', os.version: '10.0', java.version: '11.0.16.1'
Driver info: org.openqa.selenium.chrome.ChromeDriver
Capabilities {acceptInsecureCerts: false, browserName: chrome, browserVersion: 113.0.5672.129, chrome: {chromedriverVersion: 113.0.5672.63 (0e1a4471d5ae..., userDataDir: C:\Users\israr\AppData\Loca...}, goog:chromeOptions: {debuggerAddress: localhost:59096}, networkConnectionEnabled: false, pageLoadStrategy: normal, platformName: WINDOWS, proxy: Proxy(), se:cdp: ws://localhost:59096/devtoo..., se:cdpVersion: 113.0.5672.129, setWindowRect: true, strictFileInteractability: false, timeouts: {implicit: 0, pageLoad: 300000, script: 30000}, unhandledPromptBehavior: dismiss and notify, webauthn:extension:credBlob: true, webauthn:extension:largeBlob: true, webauthn:extension:minPinLength: true, webauthn:extension:prf: true, webauthn:virtualAuthenticators: true}
Session ID: 174a248af319122bee553885e4fbf082
	at org.openqa.selenium.support.ui.WebDriverWait.timeoutException(WebDriverWait.java:87)
	at org.openqa.selenium.support.ui.FluentWait.until(FluentWait.java:231)
	at tek.capstone.utilities.CommonUtilities.waitTillClickable(CommonUtilities.java:29)
	at tek.capstone.utilities.CommonUtilities.click(CommonUtilities.java:45)
	at tek.capstone.steps.RetailAccountSteps.userClickOnUpdateButton(RetailAccountSteps.java:37)
	at âœ½.User click on Update button(classpath:features/RetailAccount.feature:15)

  Then user profile information should be updated                      # tek.capstone.steps.RetailAccountSteps.userProfileInformationShouldBeUpdated()

    Embedding Verify User can update Profile Information scenario Failed [iamge/png 36152 bytes]

]]></system-out>
    <system-err><![CDATA[Starting ChromeDriver 113.0.5672.63 (0e1a4471d5ae5bf128b1bd8f4d627c8cbd55f70c-refs/branch-heads/5672@{#912}) on port 39336
Only local connections are allowed.
Please see https://chromedriver.chromium.org/security-considerations for suggestions on keeping ChromeDriver safe.
ChromeDriver was started successfully.
May 31, 2023 9:11:10 PM org.openqa.selenium.devtools.CdpVersionFinder findNearestMatch
WARNING: Unable to find an exact match for CDP version 113, so returning the closest version found: 112
]]></system-err>
  </testcase>
  <testcase name="Verify User can add a payment method" classname="Retail Account Page" time="4.282">
    <system-out><![CDATA[
@Regression
Scenario: Verify User can add a payment method                           # features/RetailAccount.feature:19
{browser=chrome, headless=true, url=https://tek-retail-ui.azurewebsites.net/}
 INFO [main] (SignInSteps.java:21)- User is on retail website
  Given User is on retail website                                        # tek.capstone.steps.SignInSteps.userIsOnRetailWebsite()
 INFO [main] (SignInSteps.java:27)- User successfully clicked on signin option.
  When User click on Sign in option                                      # tek.capstone.steps.SignInSteps.userClickOnSignInOption()
 INFO [main] (SignInSteps.java:33)- israr07@tekschool.us was entered successfully !
 INFO [main] (SignInSteps.java:35)- Tek@12345 was entered successfully !
  And User enter email 'israr07@tekschool.us' and password 'Tek@12345'   # tek.capstone.steps.SignInSteps.userEnterEmailAndPassword(java.lang.String,java.lang.String)
 INFO [main] (SignInSteps.java:41)- User successfully clicked on login button.
  And User click on login button                                         # tek.capstone.steps.SignInSteps.userClickOnLoginButton()
 INFO [main] (SignInSteps.java:50)- User successfully logged in into account
  And User should be logged in into Account                              # tek.capstone.steps.SignInSteps.userShouldBeLoggedInIntoAccount()
 INFO [main] (RetailAccountSteps.java:22)- User successfully clicked on Account option.
  When User click on Account option                                      # tek.capstone.steps.RetailAccountSteps.userClickOnAccountOption()
 INFO [main] (RetailAccountPaymentSteps.java:22)- User successfully clicked on add payment method link
  And User click on Add a payment method link                            # tek.capstone.steps.RetailAccountPaymentSteps.userClickOnAddAPaymentMethodLink()
 INFO [main] (RetailAccountPaymentSteps.java:35)- Informations were added successfully
  And User fill Debit or credit card information                         # tek.capstone.steps.RetailAccountPaymentSteps.userFillDebitOrCreditCardInformation(io.cucumber.datatable.DataTable)
    | cardNumber       | nameOnCard | expirationMonth | expirationYear | securityCode |
    | 7779991112244444 | Israr      | 9               | 2030           | 123          |
 INFO [main] (RetailAccountPaymentSteps.java:41)- Add Your Card button was successfully clicked
  And User click on Add your card button                                 # tek.capstone.steps.RetailAccountPaymentSteps.userClickOnAddYourCardButton()
 INFO [main] (RetailAccountPaymentSteps.java:48)- Payment method addedd successfully
  Then a message should be displayed 'Payment Method added successfully' # tek.capstone.steps.RetailAccountPaymentSteps.aMessageShouldBeDisplayed()
]]></system-out>
    <system-err><![CDATA[Starting ChromeDriver 113.0.5672.63 (0e1a4471d5ae5bf128b1bd8f4d627c8cbd55f70c-refs/branch-heads/5672@{#912}) on port 40909
Only local connections are allowed.
Please see https://chromedriver.chromium.org/security-considerations for suggestions on keeping ChromeDriver safe.
ChromeDriver was started successfully.
May 31, 2023 9:11:34 PM org.openqa.selenium.devtools.CdpVersionFinder findNearestMatch
WARNING: Unable to find an exact match for CDP version 113, so returning the closest version found: 112
]]></system-err>
  </testcase>
  <testcase name="Verify User can edit Debit or Credit card" classname="Retail Account Page" time="4.151">
    <system-out><![CDATA[
@Regression
Scenario: Verify User can edit Debit or Credit card                        # features/RetailAccount.feature:29
{browser=chrome, headless=true, url=https://tek-retail-ui.azurewebsites.net/}
 INFO [main] (SignInSteps.java:21)- User is on retail website
  Given User is on retail website                                          # tek.capstone.steps.SignInSteps.userIsOnRetailWebsite()
 INFO [main] (SignInSteps.java:27)- User successfully clicked on signin option.
  When User click on Sign in option                                        # tek.capstone.steps.SignInSteps.userClickOnSignInOption()
 INFO [main] (SignInSteps.java:33)- israr07@tekschool.us was entered successfully !
 INFO [main] (SignInSteps.java:35)- Tek@12345 was entered successfully !
  And User enter email 'israr07@tekschool.us' and password 'Tek@12345'     # tek.capstone.steps.SignInSteps.userEnterEmailAndPassword(java.lang.String,java.lang.String)
 INFO [main] (SignInSteps.java:41)- User successfully clicked on login button.
  And User click on login button                                           # tek.capstone.steps.SignInSteps.userClickOnLoginButton()
 INFO [main] (SignInSteps.java:50)- User successfully logged in into account
  And User should be logged in into Account                                # tek.capstone.steps.SignInSteps.userShouldBeLoggedInIntoAccount()
 INFO [main] (RetailAccountSteps.java:22)- User successfully clicked on Account option.
  When User click on Account option                                        # tek.capstone.steps.RetailAccountSteps.userClickOnAccountOption()
 INFO [main] (RetailAccountPaymentSteps.java:56)- User successfully clicked on Edit button
  And User click on Edit option of card section                            # tek.capstone.steps.RetailAccountPaymentSteps.userClickOnEditOptionOfCardSection()
 INFO [main] (RetailAccountPaymentSteps.java:73)- Informations were added successfully
  And user edit information with below data                                # tek.capstone.steps.RetailAccountPaymentSteps.userEditInformationWithBelowData(io.cucumber.datatable.DataTable)
    | cardNumber       | nameOnCard | expirationMonth | expirationYear | securityCode |
    | 1593578521455555 | Afghan     | 6               | 2034           | 707          |
 INFO [main] (RetailAccountPaymentSteps.java:79)- User successfully clicked on Update Your Card button
  And user click on Update Your Card button                                # tek.capstone.steps.RetailAccountPaymentSteps.userClickOnUpdateYourCardButton()
 INFO [main] (RetailAccountPaymentSteps.java:87)- Payment method updated successfully
  Then a message should be displayed 'Payment Method updated Successfully' # tek.capstone.steps.RetailAccountPaymentSteps.aMessageShouldBeDisplayedPaymentMethodUpdatedSuccessfully()
]]></system-out>
    <system-err><![CDATA[Starting ChromeDriver 113.0.5672.63 (0e1a4471d5ae5bf128b1bd8f4d627c8cbd55f70c-refs/branch-heads/5672@{#912}) on port 34816
Only local connections are allowed.
Please see https://chromedriver.chromium.org/security-considerations for suggestions on keeping ChromeDriver safe.
ChromeDriver was started successfully.
May 31, 2023 9:11:38 PM org.openqa.selenium.devtools.CdpVersionFinder findNearestMatch
WARNING: Unable to find an exact match for CDP version 113, so returning the closest version found: 112
]]></system-err>
  </testcase>
  <testcase name="Verify User can remove Debit or Credit card" classname="Retail Account Page" time="2.828">
    <system-out><![CDATA[
@Regression
Scenario: Verify User can remove Debit or Credit card                  # features/RetailAccount.feature:39
{browser=chrome, headless=true, url=https://tek-retail-ui.azurewebsites.net/}
 INFO [main] (SignInSteps.java:21)- User is on retail website
  Given User is on retail website                                      # tek.capstone.steps.SignInSteps.userIsOnRetailWebsite()
 INFO [main] (SignInSteps.java:27)- User successfully clicked on signin option.
  When User click on Sign in option                                    # tek.capstone.steps.SignInSteps.userClickOnSignInOption()
 INFO [main] (SignInSteps.java:33)- israr07@tekschool.us was entered successfully !
 INFO [main] (SignInSteps.java:35)- Tek@12345 was entered successfully !
  And User enter email 'israr07@tekschool.us' and password 'Tek@12345' # tek.capstone.steps.SignInSteps.userEnterEmailAndPassword(java.lang.String,java.lang.String)
 INFO [main] (SignInSteps.java:41)- User successfully clicked on login button.
  And User click on login button                                       # tek.capstone.steps.SignInSteps.userClickOnLoginButton()
 INFO [main] (SignInSteps.java:50)- User successfully logged in into account
  And User should be logged in into Account                            # tek.capstone.steps.SignInSteps.userShouldBeLoggedInIntoAccount()
 INFO [main] (RetailAccountSteps.java:22)- User successfully clicked on Account option.
  When User click on Account option                                    # tek.capstone.steps.RetailAccountSteps.userClickOnAccountOption()
 INFO [main] (RetailAccountPaymentSteps.java:94)- remove button was clicked successfully
  And User click on remove option of card section                      # tek.capstone.steps.RetailAccountPaymentSteps.userClickOnRemoveOptionOfCardSection()
 INFO [main] (RetailAccountPaymentSteps.java:100)- Payment details removed successfully
  Then payment details should be removed                               # tek.capstone.steps.RetailAccountPaymentSteps.paymentDetailsShouldBeRemoved()
]]></system-out>
    <system-err><![CDATA[Starting ChromeDriver 113.0.5672.63 (0e1a4471d5ae5bf128b1bd8f4d627c8cbd55f70c-refs/branch-heads/5672@{#912}) on port 28696
Only local connections are allowed.
Please see https://chromedriver.chromium.org/security-considerations for suggestions on keeping ChromeDriver safe.
ChromeDriver was started successfully.
May 31, 2023 9:11:43 PM org.openqa.selenium.devtools.CdpVersionFinder findNearestMatch
WARNING: Unable to find an exact match for CDP version 113, so returning the closest version found: 112
]]></system-err>
  </testcase>
  <testcase name="Verify User can add an Address" classname="Retail Account Page" time="5.143">
    <system-out><![CDATA[
@Regression
Scenario: Verify User can add an Address                               # features/RetailAccount.feature:45
{browser=chrome, headless=true, url=https://tek-retail-ui.azurewebsites.net/}
 INFO [main] (SignInSteps.java:21)- User is on retail website
  Given User is on retail website                                      # tek.capstone.steps.SignInSteps.userIsOnRetailWebsite()
 INFO [main] (SignInSteps.java:27)- User successfully clicked on signin option.
  When User click on Sign in option                                    # tek.capstone.steps.SignInSteps.userClickOnSignInOption()
 INFO [main] (SignInSteps.java:33)- israr07@tekschool.us was entered successfully !
 INFO [main] (SignInSteps.java:35)- Tek@12345 was entered successfully !
  And User enter email 'israr07@tekschool.us' and password 'Tek@12345' # tek.capstone.steps.SignInSteps.userEnterEmailAndPassword(java.lang.String,java.lang.String)
 INFO [main] (SignInSteps.java:41)- User successfully clicked on login button.
  And User click on login button                                       # tek.capstone.steps.SignInSteps.userClickOnLoginButton()
 INFO [main] (SignInSteps.java:50)- User successfully logged in into account
  And User should be logged in into Account                            # tek.capstone.steps.SignInSteps.userShouldBeLoggedInIntoAccount()
 INFO [main] (RetailAccountSteps.java:22)- User successfully clicked on Account option.
  When User click on Account option                                    # tek.capstone.steps.RetailAccountSteps.userClickOnAccountOption()
 INFO [main] (RetailAccountSteps.java:51)- Add Address option was clicked successfully
  And User click on Add address option                                 # tek.capstone.steps.RetailAccountSteps.userClickOnAddAddressOption()
 INFO [main] (RetailAccountSteps.java:68)- Informations were added successfully
  And user fill new address form with below information                # tek.capstone.steps.RetailAccountSteps.userFillNewAddressFormWithBelowInformation(io.cucumber.datatable.DataTable)
    | country     | fullName | phoneNumber | streetAddress       | apt   | city       | state | zipCode |
    | Afghanistan | Israr    | 7579545345  | 797 Shar-E-Naw road | 777 A | Shar-E-Naw | Kabul | 19078   |
 INFO [main] (RetailAccountSteps.java:74)- Add Your Address button was clicked successfully
  And User click Add Your Address button                               # tek.capstone.steps.RetailAccountSteps.userClickAddYourAddressButton()
 INFO [main] (RetailAccountSteps.java:82)- Address Added Successfully
  Then a message should be displayed 'Address Added Successfully'      # tek.capstone.steps.RetailAccountSteps.aMessageShouldBeDisplayedAddressAddedSuccessfully()
]]></system-out>
    <system-err><![CDATA[Starting ChromeDriver 113.0.5672.63 (0e1a4471d5ae5bf128b1bd8f4d627c8cbd55f70c-refs/branch-heads/5672@{#912}) on port 36150
Only local connections are allowed.
Please see https://chromedriver.chromium.org/security-considerations for suggestions on keeping ChromeDriver safe.
ChromeDriver was started successfully.
May 31, 2023 9:11:46 PM org.openqa.selenium.devtools.CdpVersionFinder findNearestMatch
WARNING: Unable to find an exact match for CDP version 113, so returning the closest version found: 112
]]></system-err>
  </testcase>
  <testcase name="Verify User can edit an Address added on account" classname="Retail Account Page" time="5.895">
    <system-out><![CDATA[
@Regression
Scenario: Verify User can edit an Address added on account             # features/RetailAccount.feature:55
{browser=chrome, headless=true, url=https://tek-retail-ui.azurewebsites.net/}
 INFO [main] (SignInSteps.java:21)- User is on retail website
  Given User is on retail website                                      # tek.capstone.steps.SignInSteps.userIsOnRetailWebsite()
 INFO [main] (SignInSteps.java:27)- User successfully clicked on signin option.
  When User click on Sign in option                                    # tek.capstone.steps.SignInSteps.userClickOnSignInOption()
 INFO [main] (SignInSteps.java:33)- israr07@tekschool.us was entered successfully !
 INFO [main] (SignInSteps.java:35)- Tek@12345 was entered successfully !
  And User enter email 'israr07@tekschool.us' and password 'Tek@12345' # tek.capstone.steps.SignInSteps.userEnterEmailAndPassword(java.lang.String,java.lang.String)
 INFO [main] (SignInSteps.java:41)- User successfully clicked on login button.
  And User click on login button                                       # tek.capstone.steps.SignInSteps.userClickOnLoginButton()
 INFO [main] (SignInSteps.java:50)- User successfully logged in into account
  And User should be logged in into Account                            # tek.capstone.steps.SignInSteps.userShouldBeLoggedInIntoAccount()
 INFO [main] (RetailAccountSteps.java:22)- User successfully clicked on Account option.
  When User click on Account option                                    # tek.capstone.steps.RetailAccountSteps.userClickOnAccountOption()
 INFO [main] (RetailAccountSteps.java:88)- Edit button was clicked successfully
  And User click on edit address option                                # tek.capstone.steps.RetailAccountSteps.userClickOnEditAddressOption()
 INFO [main] (RetailAccountSteps.java:68)- Informations were added successfully
  And user fill new address form with below information                # tek.capstone.steps.RetailAccountSteps.userFillNewAddressFormWithBelowInformation(io.cucumber.datatable.DataTable)
    | country     | fullName    | phoneNumber | streetAddress     | apt   | city       | state | zipCode |
    | Afghanistan | Israr Ahmed | 7579545340  | 500 Kabul Kingdom | 500 A | Shar-e-naw | Kabul | 99077   |
 INFO [main] (RetailAccountSteps.java:103)- Update Your Address Button was clicked successfully
  And User click update Your Address button                            # tek.capstone.steps.RetailAccountSteps.userClickUpdateYourAddressButton()
 INFO [main] (RetailAccountSteps.java:110)- Address Updated Successfully
  Then a message should be displayed 'Address Updated Successfully'    # tek.capstone.steps.RetailAccountSteps.aMessageShouldBeDisplayedAddressUpdatedSuccessfully()
]]></system-out>
    <system-err><![CDATA[Starting ChromeDriver 113.0.5672.63 (0e1a4471d5ae5bf128b1bd8f4d627c8cbd55f70c-refs/branch-heads/5672@{#912}) on port 24894
Only local connections are allowed.
Please see https://chromedriver.chromium.org/security-considerations for suggestions on keeping ChromeDriver safe.
ChromeDriver was started successfully.
May 31, 2023 9:11:51 PM org.openqa.selenium.devtools.CdpVersionFinder findNearestMatch
WARNING: Unable to find an exact match for CDP version 113, so returning the closest version found: 112
]]></system-err>
  </testcase>
  <testcase name="Verify User can remove Address from Account" classname="Retail Account Page" time="3.01">
    <system-out><![CDATA[
@Regression
Scenario: Verify User can remove Address from Account                  # features/RetailAccount.feature:65
{browser=chrome, headless=true, url=https://tek-retail-ui.azurewebsites.net/}
 INFO [main] (SignInSteps.java:21)- User is on retail website
  Given User is on retail website                                      # tek.capstone.steps.SignInSteps.userIsOnRetailWebsite()
 INFO [main] (SignInSteps.java:27)- User successfully clicked on signin option.
  When User click on Sign in option                                    # tek.capstone.steps.SignInSteps.userClickOnSignInOption()
 INFO [main] (SignInSteps.java:33)- israr07@tekschool.us was entered successfully !
 INFO [main] (SignInSteps.java:35)- Tek@12345 was entered successfully !
  And User enter email 'israr07@tekschool.us' and password 'Tek@12345' # tek.capstone.steps.SignInSteps.userEnterEmailAndPassword(java.lang.String,java.lang.String)
 INFO [main] (SignInSteps.java:41)- User successfully clicked on login button.
  And User click on login button                                       # tek.capstone.steps.SignInSteps.userClickOnLoginButton()
 INFO [main] (SignInSteps.java:50)- User successfully logged in into account
  And User should be logged in into Account                            # tek.capstone.steps.SignInSteps.userShouldBeLoggedInIntoAccount()
 INFO [main] (RetailAccountSteps.java:22)- User successfully clicked on Account option.
  When User click on Account option                                    # tek.capstone.steps.RetailAccountSteps.userClickOnAccountOption()
 INFO [main] (RetailAccountSteps.java:117)- Remove button from Address section was clicked successfully
  And User click on remove option of Address section                   # tek.capstone.steps.RetailAccountSteps.userClickOnRemoveOptionOfAddressSection()
 INFO [main] (RetailAccountSteps.java:122)- Address details have removed successfully
  Then Address details should be removed                               # tek.capstone.steps.RetailAccountSteps.addressDetailsShouldBeRemoved()
]]></system-out>
    <system-err><![CDATA[Starting ChromeDriver 113.0.5672.63 (0e1a4471d5ae5bf128b1bd8f4d627c8cbd55f70c-refs/branch-heads/5672@{#912}) on port 5330
Only local connections are allowed.
Please see https://chromedriver.chromium.org/security-considerations for suggestions on keeping ChromeDriver safe.
ChromeDriver was started successfully.
May 31, 2023 9:11:56 PM org.openqa.selenium.devtools.CdpVersionFinder findNearestMatch
WARNING: Unable to find an exact match for CDP version 113, so returning the closest version found: 112
]]></system-err>
  </testcase>
  <testcase name="Verify User can add an item to cart" classname="Retail Order Page" time="23.733">
    <error message="no such element: Unable to locate element: {&quot;method&quot;:&quot;xpath&quot;,&quot;selector&quot;:&quot;//select[@class=&apos;product__select&apos;]&quot;}&#10;  (Session info: headless chrome=113.0.5672.129)&#10;For documentation on this error, please visit: https://selenium.dev/exceptions/#no_such_element&#10;Build info: version: &apos;4.9.0&apos;, revision: &apos;d7057100a6&apos;&#10;System info: os.name: &apos;Windows 11&apos;, os.arch: &apos;amd64&apos;, os.version: &apos;10.0&apos;, java.version: &apos;11.0.16.1&apos;&#10;Driver info: org.openqa.selenium.chrome.ChromeDriver&#10;Command: [71ae6beaa6f1cdac82334b8737c56072, findElement {using=xpath, value=//select[@class=&apos;product__select&apos;]}]&#10;Capabilities {acceptInsecureCerts: false, browserName: chrome, browserVersion: 113.0.5672.129, chrome: {chromedriverVersion: 113.0.5672.63 (0e1a4471d5ae..., userDataDir: C:\Users\israr\AppData\Loca...}, goog:chromeOptions: {debuggerAddress: localhost:59295}, networkConnectionEnabled: false, pageLoadStrategy: normal, platformName: WINDOWS, proxy: Proxy(), se:cdp: ws://localhost:59295/devtoo..., se:cdpVersion: 113.0.5672.129, setWindowRect: true, strictFileInteractability: false, timeouts: {implicit: 0, pageLoad: 300000, script: 30000}, unhandledPromptBehavior: dismiss and notify, webauthn:extension:credBlob: true, webauthn:extension:largeBlob: true, webauthn:extension:minPinLength: true, webauthn:extension:prf: true, webauthn:virtualAuthenticators: true}&#10;Session ID: 71ae6beaa6f1cdac82334b8737c56072" type="org.openqa.selenium.NoSuchElementException"><![CDATA[org.openqa.selenium.NoSuchElementException: 
no such element: Unable to locate element: {"method":"xpath","selector":"//select[@class='product__select']"}
  (Session info: headless chrome=113.0.5672.129)
For documentation on this error, please visit: https://selenium.dev/exceptions/#no_such_element
Build info: version: '4.9.0', revision: 'd7057100a6'
System info: os.name: 'Windows 11', os.arch: 'amd64', os.version: '10.0', java.version: '11.0.16.1'
Driver info: org.openqa.selenium.chrome.ChromeDriver
Command: [71ae6beaa6f1cdac82334b8737c56072, findElement {using=xpath, value=//select[@class='product__select']}]
Capabilities {acceptInsecureCerts: false, browserName: chrome, browserVersion: 113.0.5672.129, chrome: {chromedriverVersion: 113.0.5672.63 (0e1a4471d5ae..., userDataDir: C:\Users\israr\AppData\Loca...}, goog:chromeOptions: {debuggerAddress: localhost:59295}, networkConnectionEnabled: false, pageLoadStrategy: normal, platformName: WINDOWS, proxy: Proxy(), se:cdp: ws://localhost:59295/devtoo..., se:cdpVersion: 113.0.5672.129, setWindowRect: true, strictFileInteractability: false, timeouts: {implicit: 0, pageLoad: 300000, script: 30000}, unhandledPromptBehavior: dismiss and notify, webauthn:extension:credBlob: true, webauthn:extension:largeBlob: true, webauthn:extension:minPinLength: true, webauthn:extension:prf: true, webauthn:virtualAuthenticators: true}
Session ID: 71ae6beaa6f1cdac82334b8737c56072
	at java.base/jdk.internal.reflect.NativeConstructorAccessorImpl.newInstance0(Native Method)
	at java.base/jdk.internal.reflect.NativeConstructorAccessorImpl.newInstance(NativeConstructorAccessorImpl.java:62)
	at java.base/jdk.internal.reflect.DelegatingConstructorAccessorImpl.newInstance(DelegatingConstructorAccessorImpl.java:45)
	at java.base/java.lang.reflect.Constructor.newInstance(Constructor.java:490)
	at org.openqa.selenium.remote.codec.w3c.W3CHttpResponseCodec.createException(W3CHttpResponseCodec.java:200)
	at org.openqa.selenium.remote.codec.w3c.W3CHttpResponseCodec.decode(W3CHttpResponseCodec.java:133)
	at org.openqa.selenium.remote.codec.w3c.W3CHttpResponseCodec.decode(W3CHttpResponseCodec.java:53)
	at org.openqa.selenium.remote.HttpCommandExecutor.execute(HttpCommandExecutor.java:193)
	at org.openqa.selenium.remote.service.DriverCommandExecutor.invokeExecute(DriverCommandExecutor.java:183)
	at org.openqa.selenium.remote.service.DriverCommandExecutor.execute(DriverCommandExecutor.java:158)
	at org.openqa.selenium.remote.RemoteWebDriver.execute(RemoteWebDriver.java:543)
	at org.openqa.selenium.remote.ElementLocation$ElementFinder$2.findElement(ElementLocation.java:162)
	at org.openqa.selenium.remote.ElementLocation.findElement(ElementLocation.java:60)
	at org.openqa.selenium.remote.RemoteWebDriver.findElement(RemoteWebDriver.java:352)
	at org.openqa.selenium.remote.RemoteWebDriver.findElement(RemoteWebDriver.java:344)
	at org.openqa.selenium.support.pagefactory.DefaultElementLocator.findElement(DefaultElementLocator.java:70)
	at org.openqa.selenium.support.pagefactory.internal.LocatingElementHandler.invoke(LocatingElementHandler.java:39)
	at com.sun.proxy.$Proxy24.getTagName(Unknown Source)
	at org.openqa.selenium.support.ui.Select.<init>(Select.java:46)
	at tek.capstone.utilities.CommonUtilities.selectByVisibleText(CommonUtilities.java:98)
	at tek.capstone.steps.RetailOrderSteps.userSelectQuantity2(RetailOrderSteps.java:39)
	at ✽.User select quantity '2'(classpath:features/RetailOrder.feature:17)
]]></error>
    <system-out><![CDATA[
@Regression
Scenario: Verify User can add an item to cart                          # features/RetailOrder.feature:12
{browser=chrome, headless=true, url=https://tek-retail-ui.azurewebsites.net/}
 INFO [main] (SignInSteps.java:21)- User is on retail website
  Given User is on retail website                                      # tek.capstone.steps.SignInSteps.userIsOnRetailWebsite()
 INFO [main] (SignInSteps.java:27)- User successfully clicked on signin option.
  When User click on Sign in option                                    # tek.capstone.steps.SignInSteps.userClickOnSignInOption()
 INFO [main] (SignInSteps.java:33)- israr07@tekschool.us was entered successfully !
 INFO [main] (SignInSteps.java:35)- Tek@12345 was entered successfully !
  And User enter email 'israr07@tekschool.us' and password 'Tek@12345' # tek.capstone.steps.SignInSteps.userEnterEmailAndPassword(java.lang.String,java.lang.String)
 INFO [main] (SignInSteps.java:41)- User successfully clicked on login button.
  And User click on login button                                       # tek.capstone.steps.SignInSteps.userClickOnLoginButton()
 INFO [main] (SignInSteps.java:50)- User successfully logged in into account
  And User should be logged in into Account                            # tek.capstone.steps.SignInSteps.userShouldBeLoggedInIntoAccount()
 INFO [main] (RetailOrderSteps.java:18)- User successfully changed the category to <Smart Home> 
  And User change the category to 'Smart Home'                         # tek.capstone.steps.RetailOrderSteps.userChangeTheCategoryToSmartHome()
  And User search for an item 'kasa outdoor smart plug'                # tek.capstone.steps.RetailOrderSteps.userSearchForAnItemKasaOutdoorSmartPlug()
  And User click on Search icon                                        # tek.capstone.steps.RetailOrderSteps.userClickOnSearchIcon()
 INFO [main] (RetailOrderSteps.java:34)- Item has clicked successfully
  And User click on item                                               # tek.capstone.steps.RetailOrderSteps.userClickOnItem()
  And User select quantity '2'                                         # tek.capstone.steps.RetailOrderSteps.userSelectQuantity2()
      org.openqa.selenium.NoSuchElementException: no such element: Unable to locate element: {"method":"xpath","selector":"//select[@class='product__select']"}
  (Session info: headless chrome=113.0.5672.129)
For documentation on this error, please visit: https://selenium.dev/exceptions/#no_such_element
Build info: version: '4.9.0', revision: 'd7057100a6'
System info: os.name: 'Windows 11', os.arch: 'amd64', os.version: '10.0', java.version: '11.0.16.1'
Driver info: org.openqa.selenium.chrome.ChromeDriver
Command: [71ae6beaa6f1cdac82334b8737c56072, findElement {using=xpath, value=//select[@class='product__select']}]
Capabilities {acceptInsecureCerts: false, browserName: chrome, browserVersion: 113.0.5672.129, chrome: {chromedriverVersion: 113.0.5672.63 (0e1a4471d5ae..., userDataDir: C:\Users\israr\AppData\Loca...}, goog:chromeOptions: {debuggerAddress: localhost:59295}, networkConnectionEnabled: false, pageLoadStrategy: normal, platformName: WINDOWS, proxy: Proxy(), se:cdp: ws://localhost:59295/devtoo..., se:cdpVersion: 113.0.5672.129, setWindowRect: true, strictFileInteractability: false, timeouts: {implicit: 0, pageLoad: 300000, script: 30000}, unhandledPromptBehavior: dismiss and notify, webauthn:extension:credBlob: true, webauthn:extension:largeBlob: true, webauthn:extension:minPinLength: true, webauthn:extension:prf: true, webauthn:virtualAuthenticators: true}
Session ID: 71ae6beaa6f1cdac82334b8737c56072
	at java.base/jdk.internal.reflect.NativeConstructorAccessorImpl.newInstance0(Native Method)
	at java.base/jdk.internal.reflect.NativeConstructorAccessorImpl.newInstance(NativeConstructorAccessorImpl.java:62)
	at java.base/jdk.internal.reflect.DelegatingConstructorAccessorImpl.newInstance(DelegatingConstructorAccessorImpl.java:45)
	at java.base/java.lang.reflect.Constructor.newInstance(Constructor.java:490)
	at org.openqa.selenium.remote.codec.w3c.W3CHttpResponseCodec.createException(W3CHttpResponseCodec.java:200)
	at org.openqa.selenium.remote.codec.w3c.W3CHttpResponseCodec.decode(W3CHttpResponseCodec.java:133)
	at org.openqa.selenium.remote.codec.w3c.W3CHttpResponseCodec.decode(W3CHttpResponseCodec.java:53)
	at org.openqa.selenium.remote.HttpCommandExecutor.execute(HttpCommandExecutor.java:193)
	at org.openqa.selenium.remote.service.DriverCommandExecutor.invokeExecute(DriverCommandExecutor.java:183)
	at org.openqa.selenium.remote.service.DriverCommandExecutor.execute(DriverCommandExecutor.java:158)
	at org.openqa.selenium.remote.RemoteWebDriver.execute(RemoteWebDriver.java:543)
	at org.openqa.selenium.remote.ElementLocation$ElementFinder$2.findElement(ElementLocation.java:162)
	at org.openqa.selenium.remote.ElementLocation.findElement(ElementLocation.java:60)
	at org.openqa.selenium.remote.RemoteWebDriver.findElement(RemoteWebDriver.java:352)
	at org.openqa.selenium.remote.RemoteWebDriver.findElement(RemoteWebDriver.java:344)
	at org.openqa.selenium.support.pagefactory.DefaultElementLocator.findElement(DefaultElementLocator.java:70)
	at org.openqa.selenium.support.pagefactory.internal.LocatingElementHandler.invoke(LocatingElementHandler.java:39)
	at com.sun.proxy.$Proxy24.getTagName(Unknown Source)
	at org.openqa.selenium.support.ui.Select.<init>(Select.java:46)
	at tek.capstone.utilities.CommonUtilities.selectByVisibleText(CommonUtilities.java:98)
	at tek.capstone.steps.RetailOrderSteps.userSelectQuantity2(RetailOrderSteps.java:39)
	at âœ½.User select quantity '2'(classpath:features/RetailOrder.feature:17)

  And User click add to Cart button                                    # tek.capstone.steps.RetailOrderSteps.userClickAddToCartButton()
  Then the cart icon quantity should change to '2'                     # tek.capstone.steps.RetailOrderSteps.theCartIconQuantityShouldChangeTo2()

    Embedding Verify User can add an item to cart scenario Failed [iamge/png 266784 bytes]

]]></system-out>
    <system-err><![CDATA[Starting ChromeDriver 113.0.5672.63 (0e1a4471d5ae5bf128b1bd8f4d627c8cbd55f70c-refs/branch-heads/5672@{#912}) on port 34099
Only local connections are allowed.
Please see https://chromedriver.chromium.org/security-considerations for suggestions on keeping ChromeDriver safe.
ChromeDriver was started successfully.
May 31, 2023 9:12:00 PM org.openqa.selenium.devtools.CdpVersionFinder findNearestMatch
WARNING: Unable to find an exact match for CDP version 113, so returning the closest version found: 112
]]></system-err>
  </testcase>
  <testcase name="Verify User can place an order with Shipping address and payment Method on file" classname="Retail Order Page" time="22.919">
    <error message="no such element: Unable to locate element: {&quot;method&quot;:&quot;xpath&quot;,&quot;selector&quot;:&quot;//select[@class=&apos;product__select&apos;]&quot;}&#10;  (Session info: headless chrome=113.0.5672.129)&#10;For documentation on this error, please visit: https://selenium.dev/exceptions/#no_such_element&#10;Build info: version: &apos;4.9.0&apos;, revision: &apos;d7057100a6&apos;&#10;System info: os.name: &apos;Windows 11&apos;, os.arch: &apos;amd64&apos;, os.version: &apos;10.0&apos;, java.version: &apos;11.0.16.1&apos;&#10;Driver info: org.openqa.selenium.chrome.ChromeDriver&#10;Command: [a6816b96030ac3a5ea44b7a9d96615fd, findElement {using=xpath, value=//select[@class=&apos;product__select&apos;]}]&#10;Capabilities {acceptInsecureCerts: false, browserName: chrome, browserVersion: 113.0.5672.129, chrome: {chromedriverVersion: 113.0.5672.63 (0e1a4471d5ae..., userDataDir: C:\Users\israr\AppData\Loca...}, goog:chromeOptions: {debuggerAddress: localhost:59322}, networkConnectionEnabled: false, pageLoadStrategy: normal, platformName: WINDOWS, proxy: Proxy(), se:cdp: ws://localhost:59322/devtoo..., se:cdpVersion: 113.0.5672.129, setWindowRect: true, strictFileInteractability: false, timeouts: {implicit: 0, pageLoad: 300000, script: 30000}, unhandledPromptBehavior: dismiss and notify, webauthn:extension:credBlob: true, webauthn:extension:largeBlob: true, webauthn:extension:minPinLength: true, webauthn:extension:prf: true, webauthn:virtualAuthenticators: true}&#10;Session ID: a6816b96030ac3a5ea44b7a9d96615fd" type="org.openqa.selenium.NoSuchElementException"><![CDATA[org.openqa.selenium.NoSuchElementException: 
no such element: Unable to locate element: {"method":"xpath","selector":"//select[@class='product__select']"}
  (Session info: headless chrome=113.0.5672.129)
For documentation on this error, please visit: https://selenium.dev/exceptions/#no_such_element
Build info: version: '4.9.0', revision: 'd7057100a6'
System info: os.name: 'Windows 11', os.arch: 'amd64', os.version: '10.0', java.version: '11.0.16.1'
Driver info: org.openqa.selenium.chrome.ChromeDriver
Command: [a6816b96030ac3a5ea44b7a9d96615fd, findElement {using=xpath, value=//select[@class='product__select']}]
Capabilities {acceptInsecureCerts: false, browserName: chrome, browserVersion: 113.0.5672.129, chrome: {chromedriverVersion: 113.0.5672.63 (0e1a4471d5ae..., userDataDir: C:\Users\israr\AppData\Loca...}, goog:chromeOptions: {debuggerAddress: localhost:59322}, networkConnectionEnabled: false, pageLoadStrategy: normal, platformName: WINDOWS, proxy: Proxy(), se:cdp: ws://localhost:59322/devtoo..., se:cdpVersion: 113.0.5672.129, setWindowRect: true, strictFileInteractability: false, timeouts: {implicit: 0, pageLoad: 300000, script: 30000}, unhandledPromptBehavior: dismiss and notify, webauthn:extension:credBlob: true, webauthn:extension:largeBlob: true, webauthn:extension:minPinLength: true, webauthn:extension:prf: true, webauthn:virtualAuthenticators: true}
Session ID: a6816b96030ac3a5ea44b7a9d96615fd
	at java.base/jdk.internal.reflect.NativeConstructorAccessorImpl.newInstance0(Native Method)
	at java.base/jdk.internal.reflect.NativeConstructorAccessorImpl.newInstance(NativeConstructorAccessorImpl.java:62)
	at java.base/jdk.internal.reflect.DelegatingConstructorAccessorImpl.newInstance(DelegatingConstructorAccessorImpl.java:45)
	at java.base/java.lang.reflect.Constructor.newInstance(Constructor.java:490)
	at org.openqa.selenium.remote.codec.w3c.W3CHttpResponseCodec.createException(W3CHttpResponseCodec.java:200)
	at org.openqa.selenium.remote.codec.w3c.W3CHttpResponseCodec.decode(W3CHttpResponseCodec.java:133)
	at org.openqa.selenium.remote.codec.w3c.W3CHttpResponseCodec.decode(W3CHttpResponseCodec.java:53)
	at org.openqa.selenium.remote.HttpCommandExecutor.execute(HttpCommandExecutor.java:193)
	at org.openqa.selenium.remote.service.DriverCommandExecutor.invokeExecute(DriverCommandExecutor.java:183)
	at org.openqa.selenium.remote.service.DriverCommandExecutor.execute(DriverCommandExecutor.java:158)
	at org.openqa.selenium.remote.RemoteWebDriver.execute(RemoteWebDriver.java:543)
	at org.openqa.selenium.remote.ElementLocation$ElementFinder$2.findElement(ElementLocation.java:162)
	at org.openqa.selenium.remote.ElementLocation.findElement(ElementLocation.java:60)
	at org.openqa.selenium.remote.RemoteWebDriver.findElement(RemoteWebDriver.java:352)
	at org.openqa.selenium.remote.RemoteWebDriver.findElement(RemoteWebDriver.java:344)
	at org.openqa.selenium.support.pagefactory.DefaultElementLocator.findElement(DefaultElementLocator.java:70)
	at org.openqa.selenium.support.pagefactory.internal.LocatingElementHandler.invoke(LocatingElementHandler.java:39)
	at com.sun.proxy.$Proxy24.getTagName(Unknown Source)
	at org.openqa.selenium.support.ui.Select.<init>(Select.java:46)
	at tek.capstone.utilities.CommonUtilities.selectByVisibleText(CommonUtilities.java:98)
	at tek.capstone.steps.RetailOrderSteps.userSelectQuantity5(RetailOrderSteps.java:67)
	at ✽.User select quantity '5'(classpath:features/RetailOrder.feature:27)
]]></error>
    <system-out><![CDATA[
@Regression
Scenario: Verify User can place an order with Shipping address and payment Method on file # features/RetailOrder.feature:22
{browser=chrome, headless=true, url=https://tek-retail-ui.azurewebsites.net/}
 INFO [main] (SignInSteps.java:21)- User is on retail website
  Given User is on retail website                                                         # tek.capstone.steps.SignInSteps.userIsOnRetailWebsite()
 INFO [main] (SignInSteps.java:27)- User successfully clicked on signin option.
  When User click on Sign in option                                                       # tek.capstone.steps.SignInSteps.userClickOnSignInOption()
 INFO [main] (SignInSteps.java:33)- israr07@tekschool.us was entered successfully !
 INFO [main] (SignInSteps.java:35)- Tek@12345 was entered successfully !
  And User enter email 'israr07@tekschool.us' and password 'Tek@12345'                    # tek.capstone.steps.SignInSteps.userEnterEmailAndPassword(java.lang.String,java.lang.String)
 INFO [main] (SignInSteps.java:41)- User successfully clicked on login button.
  And User click on login button                                                          # tek.capstone.steps.SignInSteps.userClickOnLoginButton()
 INFO [main] (SignInSteps.java:50)- User successfully logged in into account
  And User should be logged in into Account                                               # tek.capstone.steps.SignInSteps.userShouldBeLoggedInIntoAccount()
 INFO [main] (RetailOrderSteps.java:57)- User successfully changed the category to Electronics
  And User change the category to 'Electronics'                                           # tek.capstone.steps.RetailOrderSteps.userChangeTheCategoryToElectronics()
  And User search for an item 'Apex Legends'                                              # tek.capstone.steps.RetailOrderSteps.userSearchForAnItemApexLegends()
  And User click on Search icon                                                           # tek.capstone.steps.RetailOrderSteps.userClickOnSearchIcon()
 INFO [main] (RetailOrderSteps.java:34)- Item has clicked successfully
  And User click on item                                                                  # tek.capstone.steps.RetailOrderSteps.userClickOnItem()
  And User select quantity '5'                                                            # tek.capstone.steps.RetailOrderSteps.userSelectQuantity5()
      org.openqa.selenium.NoSuchElementException: no such element: Unable to locate element: {"method":"xpath","selector":"//select[@class='product__select']"}
  (Session info: headless chrome=113.0.5672.129)
For documentation on this error, please visit: https://selenium.dev/exceptions/#no_such_element
Build info: version: '4.9.0', revision: 'd7057100a6'
System info: os.name: 'Windows 11', os.arch: 'amd64', os.version: '10.0', java.version: '11.0.16.1'
Driver info: org.openqa.selenium.chrome.ChromeDriver
Command: [a6816b96030ac3a5ea44b7a9d96615fd, findElement {using=xpath, value=//select[@class='product__select']}]
Capabilities {acceptInsecureCerts: false, browserName: chrome, browserVersion: 113.0.5672.129, chrome: {chromedriverVersion: 113.0.5672.63 (0e1a4471d5ae..., userDataDir: C:\Users\israr\AppData\Loca...}, goog:chromeOptions: {debuggerAddress: localhost:59322}, networkConnectionEnabled: false, pageLoadStrategy: normal, platformName: WINDOWS, proxy: Proxy(), se:cdp: ws://localhost:59322/devtoo..., se:cdpVersion: 113.0.5672.129, setWindowRect: true, strictFileInteractability: false, timeouts: {implicit: 0, pageLoad: 300000, script: 30000}, unhandledPromptBehavior: dismiss and notify, webauthn:extension:credBlob: true, webauthn:extension:largeBlob: true, webauthn:extension:minPinLength: true, webauthn:extension:prf: true, webauthn:virtualAuthenticators: true}
Session ID: a6816b96030ac3a5ea44b7a9d96615fd
	at java.base/jdk.internal.reflect.NativeConstructorAccessorImpl.newInstance0(Native Method)
	at java.base/jdk.internal.reflect.NativeConstructorAccessorImpl.newInstance(NativeConstructorAccessorImpl.java:62)
	at java.base/jdk.internal.reflect.DelegatingConstructorAccessorImpl.newInstance(DelegatingConstructorAccessorImpl.java:45)
	at java.base/java.lang.reflect.Constructor.newInstance(Constructor.java:490)
	at org.openqa.selenium.remote.codec.w3c.W3CHttpResponseCodec.createException(W3CHttpResponseCodec.java:200)
	at org.openqa.selenium.remote.codec.w3c.W3CHttpResponseCodec.decode(W3CHttpResponseCodec.java:133)
	at org.openqa.selenium.remote.codec.w3c.W3CHttpResponseCodec.decode(W3CHttpResponseCodec.java:53)
	at org.openqa.selenium.remote.HttpCommandExecutor.execute(HttpCommandExecutor.java:193)
	at org.openqa.selenium.remote.service.DriverCommandExecutor.invokeExecute(DriverCommandExecutor.java:183)
	at org.openqa.selenium.remote.service.DriverCommandExecutor.execute(DriverCommandExecutor.java:158)
	at org.openqa.selenium.remote.RemoteWebDriver.execute(RemoteWebDriver.java:543)
	at org.openqa.selenium.remote.ElementLocation$ElementFinder$2.findElement(ElementLocation.java:162)
	at org.openqa.selenium.remote.ElementLocation.findElement(ElementLocation.java:60)
	at org.openqa.selenium.remote.RemoteWebDriver.findElement(RemoteWebDriver.java:352)
	at org.openqa.selenium.remote.RemoteWebDriver.findElement(RemoteWebDriver.java:344)
	at org.openqa.selenium.support.pagefactory.DefaultElementLocator.findElement(DefaultElementLocator.java:70)
	at org.openqa.selenium.support.pagefactory.internal.LocatingElementHandler.invoke(LocatingElementHandler.java:39)
	at com.sun.proxy.$Proxy24.getTagName(Unknown Source)
	at org.openqa.selenium.support.ui.Select.<init>(Select.java:46)
	at tek.capstone.utilities.CommonUtilities.selectByVisibleText(CommonUtilities.java:98)
	at tek.capstone.steps.RetailOrderSteps.userSelectQuantity5(RetailOrderSteps.java:67)
	at âœ½.User select quantity '5'(classpath:features/RetailOrder.feature:27)

  And User click add to Cart button                                                       # tek.capstone.steps.RetailOrderSteps.userClickAddToCartButton()
  Then the cart icon quantity should change to '5'                                        # tek.capstone.steps.RetailOrderSteps.theCartIconQuantityShouldChangeTo5()
  And User click on Cart option                                                           # tek.capstone.steps.RetailOrderSteps.userClickOnCartOption()
  And User click on Proceed to Checkout button                                            # tek.capstone.steps.RetailOrderSteps.userClickOnProceedToCheckoutButton()
  And User click on Place Your Order                                                      # tek.capstone.steps.RetailOrderSteps.userClickOnPlaceYourOrder()
  Then a message should be displayed 'Order Placed, Thanks'                               # tek.capstone.steps.RetailOrderSteps.aMessageShouldBeDisplayed()

    Embedding Verify User can place an order with Shipping address and payment Method on file scenario Failed [iamge/png 266784 bytes]

]]></system-out>
    <system-err><![CDATA[Starting ChromeDriver 113.0.5672.63 (0e1a4471d5ae5bf128b1bd8f4d627c8cbd55f70c-refs/branch-heads/5672@{#912}) on port 18856
Only local connections are allowed.
Please see https://chromedriver.chromium.org/security-considerations for suggestions on keeping ChromeDriver safe.
ChromeDriver was started successfully.
May 31, 2023 9:12:23 PM org.openqa.selenium.devtools.CdpVersionFinder findNearestMatch
WARNING: Unable to find an exact match for CDP version 113, so returning the closest version found: 112
]]></system-err>
  </testcase>
  <testcase name="Verify User can cancel the order" classname="Retail Order Page" time="42.863">
    <error message="Expected condition failed: waiting for visibility of Proxy element for: DefaultElementLocator &apos;By.id: cancelBtn&apos; (tried for 20 second(s) with 500 milliseconds interval)" type="org.openqa.selenium.TimeoutException"><![CDATA[org.openqa.selenium.TimeoutException: Expected condition failed: waiting for visibility of Proxy element for: DefaultElementLocator 'By.id: cancelBtn' (tried for 20 second(s) with 500 milliseconds interval)
	at org.openqa.selenium.support.ui.WebDriverWait.timeoutException(WebDriverWait.java:87)
	at org.openqa.selenium.support.ui.FluentWait.until(FluentWait.java:231)
	at tek.capstone.utilities.CommonUtilities.waitTillPresence(CommonUtilities.java:37)
	at tek.capstone.steps.RetailOrderSteps.userClickOnCancelTheOrderButton(RetailOrderSteps.java:119)
	at ✽.User click on Cancel The Order button(classpath:features/RetailOrder.feature:39)
Caused by: org.openqa.selenium.NoSuchElementException: no such element: Unable to locate element: {"method":"css selector","selector":"#cancelBtn"}
  (Session info: headless chrome=113.0.5672.129)
For documentation on this error, please visit: https://selenium.dev/exceptions/#no_such_element
Build info: version: '4.9.0', revision: 'd7057100a6'
System info: os.name: 'Windows 11', os.arch: 'amd64', os.version: '10.0', java.version: '11.0.16.1'
Driver info: org.openqa.selenium.chrome.ChromeDriver
Command: [178f3fa5a8c531828dc550acc8d84930, findElement {using=id, value=cancelBtn}]
Capabilities {acceptInsecureCerts: false, browserName: chrome, browserVersion: 113.0.5672.129, chrome: {chromedriverVersion: 113.0.5672.63 (0e1a4471d5ae..., userDataDir: C:\Users\israr\AppData\Loca...}, goog:chromeOptions: {debuggerAddress: localhost:59348}, networkConnectionEnabled: false, pageLoadStrategy: normal, platformName: WINDOWS, proxy: Proxy(), se:cdp: ws://localhost:59348/devtoo..., se:cdpVersion: 113.0.5672.129, setWindowRect: true, strictFileInteractability: false, timeouts: {implicit: 0, pageLoad: 300000, script: 30000}, unhandledPromptBehavior: dismiss and notify, webauthn:extension:credBlob: true, webauthn:extension:largeBlob: true, webauthn:extension:minPinLength: true, webauthn:extension:prf: true, webauthn:virtualAuthenticators: true}
Session ID: 178f3fa5a8c531828dc550acc8d84930
	at java.base/jdk.internal.reflect.NativeConstructorAccessorImpl.newInstance0(Native Method)
	at java.base/jdk.internal.reflect.NativeConstructorAccessorImpl.newInstance(NativeConstructorAccessorImpl.java:62)
	at java.base/jdk.internal.reflect.DelegatingConstructorAccessorImpl.newInstance(DelegatingConstructorAccessorImpl.java:45)
	at java.base/java.lang.reflect.Constructor.newInstance(Constructor.java:490)
	at org.openqa.selenium.remote.codec.w3c.W3CHttpResponseCodec.createException(W3CHttpResponseCodec.java:200)
	at org.openqa.selenium.remote.codec.w3c.W3CHttpResponseCodec.decode(W3CHttpResponseCodec.java:133)
	at org.openqa.selenium.remote.codec.w3c.W3CHttpResponseCodec.decode(W3CHttpResponseCodec.java:53)
	at org.openqa.selenium.remote.HttpCommandExecutor.execute(HttpCommandExecutor.java:193)
	at org.openqa.selenium.remote.service.DriverCommandExecutor.invokeExecute(DriverCommandExecutor.java:183)
	at org.openqa.selenium.remote.service.DriverCommandExecutor.execute(DriverCommandExecutor.java:158)
	at org.openqa.selenium.remote.RemoteWebDriver.execute(RemoteWebDriver.java:543)
	at org.openqa.selenium.remote.ElementLocation$ElementFinder$2.findElement(ElementLocation.java:162)
	at org.openqa.selenium.remote.ElementLocation.findElement(ElementLocation.java:60)
	at org.openqa.selenium.remote.RemoteWebDriver.findElement(RemoteWebDriver.java:352)
	at org.openqa.selenium.remote.RemoteWebDriver.findElement(RemoteWebDriver.java:344)
	at org.openqa.selenium.support.pagefactory.DefaultElementLocator.findElement(DefaultElementLocator.java:70)
	at org.openqa.selenium.support.pagefactory.internal.LocatingElementHandler.invoke(LocatingElementHandler.java:39)
	at com.sun.proxy.$Proxy24.isDisplayed(Unknown Source)
	at org.openqa.selenium.support.ui.ExpectedConditions.elementIfVisible(ExpectedConditions.java:307)
	at org.openqa.selenium.support.ui.ExpectedConditions.access$000(ExpectedConditions.java:40)
	at org.openqa.selenium.support.ui.ExpectedConditions$10.apply(ExpectedConditions.java:293)
	at org.openqa.selenium.support.ui.ExpectedConditions$10.apply(ExpectedConditions.java:290)
	at org.openqa.selenium.support.ui.FluentWait.until(FluentWait.java:208)
	at tek.capstone.utilities.CommonUtilities.waitTillPresence(CommonUtilities.java:37)
	at tek.capstone.steps.RetailOrderSteps.userClickOnCancelTheOrderButton(RetailOrderSteps.java:119)
	at java.base/jdk.internal.reflect.NativeMethodAccessorImpl.invoke0(Native Method)
	at java.base/jdk.internal.reflect.NativeMethodAccessorImpl.invoke(NativeMethodAccessorImpl.java:62)
	at java.base/jdk.internal.reflect.DelegatingMethodAccessorImpl.invoke(DelegatingMethodAccessorImpl.java:43)
	at java.base/java.lang.reflect.Method.invoke(Method.java:566)
	at io.cucumber.java.Invoker.doInvoke(Invoker.java:66)
	at io.cucumber.java.Invoker.invoke(Invoker.java:24)
	at io.cucumber.java.AbstractGlueDefinition.invokeMethod(AbstractGlueDefinition.java:47)
	at io.cucumber.java.JavaStepDefinition.execute(JavaStepDefinition.java:29)
	at io.cucumber.core.runner.CoreStepDefinition.execute(CoreStepDefinition.java:66)
	at io.cucumber.core.runner.PickleStepDefinitionMatch.runStep(PickleStepDefinitionMatch.java:63)
	at io.cucumber.core.runner.ExecutionMode$1.execute(ExecutionMode.java:10)
	at io.cucumber.core.runner.TestStep.executeStep(TestStep.java:85)
	at io.cucumber.core.runner.TestStep.run(TestStep.java:57)
	at io.cucumber.core.runner.PickleStepTestStep.run(PickleStepTestStep.java:51)
	at io.cucumber.core.runner.TestCase.run(TestCase.java:84)
	at io.cucumber.core.runner.Runner.runPickle(Runner.java:75)
	at io.cucumber.junit.PickleRunners$NoStepDescriptions.lambda$run$0(PickleRunners.java:151)
	at io.cucumber.core.runtime.CucumberExecutionContext.lambda$runTestCase$5(CucumberExecutionContext.java:129)
	at io.cucumber.core.runtime.RethrowingThrowableCollector.executeAndThrow(RethrowingThrowableCollector.java:23)
	at io.cucumber.core.runtime.CucumberExecutionContext.runTestCase(CucumberExecutionContext.java:129)
	at io.cucumber.junit.PickleRunners$NoStepDescriptions.run(PickleRunners.java:148)
	at io.cucumber.junit.FeatureRunner.runChild(FeatureRunner.java:144)
	at io.cucumber.junit.FeatureRunner.runChild(FeatureRunner.java:28)
	at org.junit.runners.ParentRunner$4.run(ParentRunner.java:331)
	at org.junit.runners.ParentRunner$1.schedule(ParentRunner.java:79)
	at org.junit.runners.ParentRunner.runChildren(ParentRunner.java:329)
	at org.junit.runners.ParentRunner.access$100(ParentRunner.java:66)
	at org.junit.runners.ParentRunner$2.evaluate(ParentRunner.java:293)
	at org.junit.runners.ParentRunner$3.evaluate(ParentRunner.java:306)
	at org.junit.runners.ParentRunner.run(ParentRunner.java:413)
	at io.cucumber.junit.FeatureRunner.run(FeatureRunner.java:137)
	at io.cucumber.junit.Cucumber.runChild(Cucumber.java:196)
	at io.cucumber.junit.Cucumber.runChild(Cucumber.java:89)
	at org.junit.runners.ParentRunner$4.run(ParentRunner.java:331)
	at org.junit.runners.ParentRunner$1.schedule(ParentRunner.java:79)
	at org.junit.runners.ParentRunner.runChildren(ParentRunner.java:329)
	at org.junit.runners.ParentRunner.access$100(ParentRunner.java:66)
	at org.junit.runners.ParentRunner$2.evaluate(ParentRunner.java:293)
	at io.cucumber.junit.Cucumber$RunBeforeAllHooks.evaluate(Cucumber.java:266)
	at io.cucumber.junit.Cucumber$RunAfterAllHooks.evaluate(Cucumber.java:281)
	at io.cucumber.junit.Cucumber$StartTestRun.evaluate(Cucumber.java:233)
	at io.cucumber.junit.Cucumber$FinishTestRun.evaluate(Cucumber.java:248)
	at org.junit.runners.ParentRunner$3.evaluate(ParentRunner.java:306)
	at org.junit.runners.ParentRunner.run(ParentRunner.java:413)
	at org.apache.maven.surefire.junit4.JUnit4Provider.execute(JUnit4Provider.java:377)
	at org.apache.maven.surefire.junit4.JUnit4Provider.executeWithRerun(JUnit4Provider.java:284)
	at org.apache.maven.surefire.junit4.JUnit4Provider.executeTestSet(JUnit4Provider.java:248)
	at org.apache.maven.surefire.junit4.JUnit4Provider.invoke(JUnit4Provider.java:167)
	at org.apache.maven.surefire.booter.ForkedBooter.runSuitesInProcess(ForkedBooter.java:456)
	at org.apache.maven.surefire.booter.ForkedBooter.execute(ForkedBooter.java:169)
	at org.apache.maven.surefire.booter.ForkedBooter.run(ForkedBooter.java:595)
	at org.apache.maven.surefire.booter.ForkedBooter.main(ForkedBooter.java:581)
]]></error>
    <system-out><![CDATA[
@Regression
Scenario: Verify User can cancel the order                                       # features/RetailOrder.feature:36
{browser=chrome, headless=true, url=https://tek-retail-ui.azurewebsites.net/}
 INFO [main] (SignInSteps.java:21)- User is on retail website
  Given User is on retail website                                                # tek.capstone.steps.SignInSteps.userIsOnRetailWebsite()
 INFO [main] (SignInSteps.java:27)- User successfully clicked on signin option.
  When User click on Sign in option                                              # tek.capstone.steps.SignInSteps.userClickOnSignInOption()
 INFO [main] (SignInSteps.java:33)- israr07@tekschool.us was entered successfully !
 INFO [main] (SignInSteps.java:35)- Tek@12345 was entered successfully !
  And User enter email 'israr07@tekschool.us' and password 'Tek@12345'           # tek.capstone.steps.SignInSteps.userEnterEmailAndPassword(java.lang.String,java.lang.String)
 INFO [main] (SignInSteps.java:41)- User successfully clicked on login button.
  And User click on login button                                                 # tek.capstone.steps.SignInSteps.userClickOnLoginButton()
 INFO [main] (SignInSteps.java:50)- User successfully logged in into account
  And User should be logged in into Account                                      # tek.capstone.steps.SignInSteps.userShouldBeLoggedInIntoAccount()
 INFO [main] (RetailOrderSteps.java:108)- User successfully clicked on Orders option
  And User click on Orders section                                               # tek.capstone.steps.RetailOrderSteps.userClickOnOrdersSection()
  And User click on first order in list                                          # tek.capstone.steps.RetailOrderSteps.userClickOnFirstOrderInList()
  And User click on Cancel The Order button                                      # tek.capstone.steps.RetailOrderSteps.userClickOnCancelTheOrderButton()
      org.openqa.selenium.TimeoutException: Expected condition failed: waiting for visibility of Proxy element for: DefaultElementLocator 'By.id: cancelBtn' (tried for 20 second(s) with 500 milliseconds interval)
	at org.openqa.selenium.support.ui.WebDriverWait.timeoutException(WebDriverWait.java:87)
	at org.openqa.selenium.support.ui.FluentWait.until(FluentWait.java:231)
	at tek.capstone.utilities.CommonUtilities.waitTillPresence(CommonUtilities.java:37)
	at tek.capstone.steps.RetailOrderSteps.userClickOnCancelTheOrderButton(RetailOrderSteps.java:119)
	at âœ½.User click on Cancel The Order button(classpath:features/RetailOrder.feature:39)
Caused by: org.openqa.selenium.NoSuchElementException: no such element: Unable to locate element: {"method":"css selector","selector":"#cancelBtn"}
  (Session info: headless chrome=113.0.5672.129)
For documentation on this error, please visit: https://selenium.dev/exceptions/#no_such_element
Build info: version: '4.9.0', revision: 'd7057100a6'
System info: os.name: 'Windows 11', os.arch: 'amd64', os.version: '10.0', java.version: '11.0.16.1'
Driver info: org.openqa.selenium.chrome.ChromeDriver
Command: [178f3fa5a8c531828dc550acc8d84930, findElement {using=id, value=cancelBtn}]
Capabilities {acceptInsecureCerts: false, browserName: chrome, browserVersion: 113.0.5672.129, chrome: {chromedriverVersion: 113.0.5672.63 (0e1a4471d5ae..., userDataDir: C:\Users\israr\AppData\Loca...}, goog:chromeOptions: {debuggerAddress: localhost:59348}, networkConnectionEnabled: false, pageLoadStrategy: normal, platformName: WINDOWS, proxy: Proxy(), se:cdp: ws://localhost:59348/devtoo..., se:cdpVersion: 113.0.5672.129, setWindowRect: true, strictFileInteractability: false, timeouts: {implicit: 0, pageLoad: 300000, script: 30000}, unhandledPromptBehavior: dismiss and notify, webauthn:extension:credBlob: true, webauthn:extension:largeBlob: true, webauthn:extension:minPinLength: true, webauthn:extension:prf: true, webauthn:virtualAuthenticators: true}
Session ID: 178f3fa5a8c531828dc550acc8d84930
	at java.base/jdk.internal.reflect.NativeConstructorAccessorImpl.newInstance0(Native Method)
	at java.base/jdk.internal.reflect.NativeConstructorAccessorImpl.newInstance(NativeConstructorAccessorImpl.java:62)
	at java.base/jdk.internal.reflect.DelegatingConstructorAccessorImpl.newInstance(DelegatingConstructorAccessorImpl.java:45)
	at java.base/java.lang.reflect.Constructor.newInstance(Constructor.java:490)
	at org.openqa.selenium.remote.codec.w3c.W3CHttpResponseCodec.createException(W3CHttpResponseCodec.java:200)
	at org.openqa.selenium.remote.codec.w3c.W3CHttpResponseCodec.decode(W3CHttpResponseCodec.java:133)
	at org.openqa.selenium.remote.codec.w3c.W3CHttpResponseCodec.decode(W3CHttpResponseCodec.java:53)
	at org.openqa.selenium.remote.HttpCommandExecutor.execute(HttpCommandExecutor.java:193)
	at org.openqa.selenium.remote.service.DriverCommandExecutor.invokeExecute(DriverCommandExecutor.java:183)
	at org.openqa.selenium.remote.service.DriverCommandExecutor.execute(DriverCommandExecutor.java:158)
	at org.openqa.selenium.remote.RemoteWebDriver.execute(RemoteWebDriver.java:543)
	at org.openqa.selenium.remote.ElementLocation$ElementFinder$2.findElement(ElementLocation.java:162)
	at org.openqa.selenium.remote.ElementLocation.findElement(ElementLocation.java:60)
	at org.openqa.selenium.remote.RemoteWebDriver.findElement(RemoteWebDriver.java:352)
	at org.openqa.selenium.remote.RemoteWebDriver.findElement(RemoteWebDriver.java:344)
	at org.openqa.selenium.support.pagefactory.DefaultElementLocator.findElement(DefaultElementLocator.java:70)
	at org.openqa.selenium.support.pagefactory.internal.LocatingElementHandler.invoke(LocatingElementHandler.java:39)
	at com.sun.proxy.$Proxy24.isDisplayed(Unknown Source)
	at org.openqa.selenium.support.ui.ExpectedConditions.elementIfVisible(ExpectedConditions.java:307)
	at org.openqa.selenium.support.ui.ExpectedConditions.access$000(ExpectedConditions.java:40)
	at org.openqa.selenium.support.ui.ExpectedConditions$10.apply(ExpectedConditions.java:293)
	at org.openqa.selenium.support.ui.ExpectedConditions$10.apply(ExpectedConditions.java:290)
	at org.openqa.selenium.support.ui.FluentWait.until(FluentWait.java:208)
	at tek.capstone.utilities.CommonUtilities.waitTillPresence(CommonUtilities.java:37)
	at tek.capstone.steps.RetailOrderSteps.userClickOnCancelTheOrderButton(RetailOrderSteps.java:119)
	at java.base/jdk.internal.reflect.NativeMethodAccessorImpl.invoke0(Native Method)
	at java.base/jdk.internal.reflect.NativeMethodAccessorImpl.invoke(NativeMethodAccessorImpl.java:62)
	at java.base/jdk.internal.reflect.DelegatingMethodAccessorImpl.invoke(DelegatingMethodAccessorImpl.java:43)
	at java.base/java.lang.reflect.Method.invoke(Method.java:566)
	at io.cucumber.java.Invoker.doInvoke(Invoker.java:66)
	at io.cucumber.java.Invoker.invoke(Invoker.java:24)
	at io.cucumber.java.AbstractGlueDefinition.invokeMethod(AbstractGlueDefinition.java:47)
	at io.cucumber.java.JavaStepDefinition.execute(JavaStepDefinition.java:29)
	at io.cucumber.core.runner.CoreStepDefinition.execute(CoreStepDefinition.java:66)
	at io.cucumber.core.runner.PickleStepDefinitionMatch.runStep(PickleStepDefinitionMatch.java:63)
	at io.cucumber.core.runner.ExecutionMode$1.execute(ExecutionMode.java:10)
	at io.cucumber.core.runner.TestStep.executeStep(TestStep.java:85)
	at io.cucumber.core.runner.TestStep.run(TestStep.java:57)
	at io.cucumber.core.runner.PickleStepTestStep.run(PickleStepTestStep.java:51)
	at io.cucumber.core.runner.TestCase.run(TestCase.java:84)
	at io.cucumber.core.runner.Runner.runPickle(Runner.java:75)
	at io.cucumber.junit.PickleRunners$NoStepDescriptions.lambda$run$0(PickleRunners.java:151)
	at io.cucumber.core.runtime.CucumberExecutionContext.lambda$runTestCase$5(CucumberExecutionContext.java:129)
	at io.cucumber.core.runtime.RethrowingThrowableCollector.executeAndThrow(RethrowingThrowableCollector.java:23)
	at io.cucumber.core.runtime.CucumberExecutionContext.runTestCase(CucumberExecutionContext.java:129)
	at io.cucumber.junit.PickleRunners$NoStepDescriptions.run(PickleRunners.java:148)
	at io.cucumber.junit.FeatureRunner.runChild(FeatureRunner.java:144)
	at io.cucumber.junit.FeatureRunner.runChild(FeatureRunner.java:28)
	at org.junit.runners.ParentRunner$4.run(ParentRunner.java:331)
	at org.junit.runners.ParentRunner$1.schedule(ParentRunner.java:79)
	at org.junit.runners.ParentRunner.runChildren(ParentRunner.java:329)
	at org.junit.runners.ParentRunner.access$100(ParentRunner.java:66)
	at org.junit.runners.ParentRunner$2.evaluate(ParentRunner.java:293)
	at org.junit.runners.ParentRunner$3.evaluate(ParentRunner.java:306)
[...]
	at io.cucumber.core.runtime.CucumberExecutionContext.runTestCase(CucumberExecutionContext.java:129)
	at io.cucumber.junit.PickleRunners$NoStepDescriptions.run(PickleRunners.java:148)
	at io.cucumber.junit.FeatureRunner.runChild(FeatureRunner.java:144)
	at io.cucumber.junit.FeatureRunner.runChild(FeatureRunner.java:28)
	at org.junit.runners.ParentRunner$4.run(ParentRunner.java:331)
	at org.junit.runners.ParentRunner$1.schedule(ParentRunner.java:79)
	at org.junit.runners.ParentRunner.runChildren(ParentRunner.java:329)
	at org.junit.runners.ParentRunner.access$100(ParentRunner.java:66)
	at org.junit.runners.ParentRunner$2.evaluate(ParentRunner.java:293)
	at org.junit.runners.ParentRunner$3.evaluate(ParentRunner.java:306)
	at org.junit.runners.ParentRunner.run(ParentRunner.java:413)
	at io.cucumber.junit.FeatureRunner.run(FeatureRunner.java:137)
	at io.cucumber.junit.Cucumber.runChild(Cucumber.java:196)
	at io.cucumber.junit.Cucumber.runChild(Cucumber.java:89)
	at org.junit.runners.ParentRunner$4.run(ParentRunner.java:331)
	at org.junit.runners.ParentRunner$1.schedule(ParentRunner.java:79)
	at org.junit.runners.ParentRunner.runChildren(ParentRunner.java:329)
	at org.junit.runners.ParentRunner.access$100(ParentRunner.java:66)
	at org.junit.runners.ParentRunner$2.evaluate(ParentRunner.java:293)
	at io.cucumber.junit.Cucumber$RunBeforeAllHooks.evaluate(Cucumber.java:266)
	at io.cucumber.junit.Cucumber$RunAfterAllHooks.evaluate(Cucumber.java:281)
	at io.cucumber.junit.Cucumber$StartTestRun.evaluate(Cucumber.java:233)
	at io.cucumber.junit.Cucumber$FinishTestRun.evaluate(Cucumber.java:248)
	at org.junit.runners.ParentRunner$3.evaluate(ParentRunner.java:306)
	at org.junit.runners.ParentRunner.run(ParentRunner.java:413)
	at org.apache.maven.surefire.junit4.JUnit4Provider.execute(JUnit4Provider.java:377)
	at org.apache.maven.surefire.junit4.JUnit4Provider.executeWithRerun(JUnit4Provider.java:284)
	at org.apache.maven.surefire.junit4.JUnit4Provider.executeTestSet(JUnit4Provider.java:248)
	at org.apache.maven.surefire.junit4.JUnit4Provider.invoke(JUnit4Provider.java:167)
	at org.apache.maven.surefire.booter.ForkedBooter.runSuitesInProcess(ForkedBooter.java:456)
	at org.apache.maven.surefire.booter.ForkedBooter.execute(ForkedBooter.java:169)
	at org.apache.maven.surefire.booter.ForkedBooter.run(ForkedBooter.java:595)
	at org.apache.maven.surefire.booter.ForkedBooter.main(ForkedBooter.java:581)

  And User select the Return Reason 'Item damaged'                        # tek.capstone.steps.RetailOrderSteps.userSelectTheReturnReasonItemDamaged()
  And User select the drop off service 'FedEx'                            # tek.capstone.steps.RetailOrderSteps.userSelectTheDropOffServiceFedEx()
  And User click on Return Order button                                   # tek.capstone.steps.RetailOrderSteps.userClickOnReturnOrderButton()
  Then a cancelation message should be displayed 'Return was successfullâ€™ # tek.capstone.steps.RetailOrderSteps.aCancelationMessageShouldBeDisplayedReturnWasSuccessful()

    Embedding Verify User can Return the order scenario Failed [iamge/png 84234 bytes]

]]></system-out>
    <system-err><![CDATA[Starting ChromeDriver 113.0.5672.63 (0e1a4471d5ae5bf128b1bd8f4d627c8cbd55f70c-refs/branch-heads/5672@{#912}) on port 47414
Only local connections are allowed.
Please see https://chromedriver.chromium.org/security-considerations for suggestions on keeping ChromeDriver safe.
ChromeDriver was started successfully.
May 31, 2023 9:13:29 PM org.openqa.selenium.devtools.CdpVersionFinder findNearestMatch
WARNING: Unable to find an exact match for CDP version 113, so returning the closest version found: 112
]]></system-err>
  </testcase>
  <testcase name="Verify User can write a review on order placed" classname="Retail Order Page" time="3.804">
    <system-out><![CDATA[
@Regression
Scenario: Verify User can write a review on order placed                         # features/RetailOrder.feature:55
{browser=chrome, headless=true, url=https://tek-retail-ui.azurewebsites.net/}
 INFO [main] (SignInSteps.java:21)- User is on retail website
  Given User is on retail website                                                # tek.capstone.steps.SignInSteps.userIsOnRetailWebsite()
 INFO [main] (SignInSteps.java:27)- User successfully clicked on signin option.
  When User click on Sign in option                                              # tek.capstone.steps.SignInSteps.userClickOnSignInOption()
 INFO [main] (SignInSteps.java:33)- israr07@tekschool.us was entered successfully !
 INFO [main] (SignInSteps.java:35)- Tek@12345 was entered successfully !
  And User enter email 'israr07@tekschool.us' and password 'Tek@12345'           # tek.capstone.steps.SignInSteps.userEnterEmailAndPassword(java.lang.String,java.lang.String)
 INFO [main] (SignInSteps.java:41)- User successfully clicked on login button.
  And User click on login button                                                 # tek.capstone.steps.SignInSteps.userClickOnLoginButton()
 INFO [main] (SignInSteps.java:50)- User successfully logged in into account
  And User should be logged in into Account                                      # tek.capstone.steps.SignInSteps.userShouldBeLoggedInIntoAccount()
 INFO [main] (RetailOrderSteps.java:108)- User successfully clicked on Orders option
  And User click on Orders section                                               # tek.capstone.steps.RetailOrderSteps.userClickOnOrdersSection()
  And User click on first order in list                                          # tek.capstone.steps.RetailOrderSteps.userClickOnFirstOrderInList()
 INFO [main] (RetailOrderSteps.java:182)- Review button has been clicked succesffuly
  And User click on Review button                                                # tek.capstone.steps.RetailOrderSteps.userClickOnReviewButton()
 INFO [main] (RetailOrderSteps.java:192)- Headline and Review text has been entered successfully
  And User write Review headline 'headline value' and 'review text'              # tek.capstone.steps.RetailOrderSteps.userWriteReviewHeadlineAnd(java.lang.String,java.lang.String)
 INFO [main] (RetailOrderSteps.java:198)- Add Your Review button has been clicked successfully
  And User click Add your Review button                                          # tek.capstone.steps.RetailOrderSteps.userClickAddYourReviewButton()
 INFO [main] (RetailOrderSteps.java:206)- Your review was added successfully
  Then a review message should be displayed 'Your review was added successfully' # tek.capstone.steps.RetailOrderSteps.aReviewMessageShouldBeDisplayedYourReviewWasAddedSuccessfully()
]]></system-out>
    <system-err><![CDATA[Starting ChromeDriver 113.0.5672.63 (0e1a4471d5ae5bf128b1bd8f4d627c8cbd55f70c-refs/branch-heads/5672@{#912}) on port 36286
Only local connections are allowed.
Please see https://chromedriver.chromium.org/security-considerations for suggestions on keeping ChromeDriver safe.
ChromeDriver was started successfully.
May 31, 2023 9:14:12 PM org.openqa.selenium.devtools.CdpVersionFinder findNearestMatch
WARNING: Unable to find an exact match for CDP version 113, so returning the closest version found: 112
]]></system-err>
  </testcase>
  <testcase name="Verify user can sign in into Retail Application" classname="Sign in Feature" time="2.453">
    <system-out><![CDATA[
@Regression
Scenario: Verify user can sign in into Retail Application              # features/SignIn.feature:5
{browser=chrome, headless=true, url=https://tek-retail-ui.azurewebsites.net/}
 INFO [main] (SignInSteps.java:21)- User is on retail website
  Given User is on retail website                                      # tek.capstone.steps.SignInSteps.userIsOnRetailWebsite()
 INFO [main] (SignInSteps.java:27)- User successfully clicked on signin option.
  When User click on Sign in option                                    # tek.capstone.steps.SignInSteps.userClickOnSignInOption()
 INFO [main] (SignInSteps.java:33)- israr07@tekschool.us was entered successfully !
 INFO [main] (SignInSteps.java:35)- Tek@12345 was entered successfully !
  And User enter email 'israr07@tekschool.us' and password 'Tek@12345' # tek.capstone.steps.SignInSteps.userEnterEmailAndPassword(java.lang.String,java.lang.String)
 INFO [main] (SignInSteps.java:41)- User successfully clicked on login button.
  And User click on login button                                       # tek.capstone.steps.SignInSteps.userClickOnLoginButton()
 INFO [main] (SignInSteps.java:50)- User successfully logged in into account
  Then User should be logged in into Account                           # tek.capstone.steps.SignInSteps.userShouldBeLoggedInIntoAccount()
]]></system-out>
    <system-err><![CDATA[Starting ChromeDriver 113.0.5672.63 (0e1a4471d5ae5bf128b1bd8f4d627c8cbd55f70c-refs/branch-heads/5672@{#912}) on port 18173
Only local connections are allowed.
Please see https://chromedriver.chromium.org/security-considerations for suggestions on keeping ChromeDriver safe.
ChromeDriver was started successfully.
May 31, 2023 9:14:16 PM org.openqa.selenium.devtools.CdpVersionFinder findNearestMatch
WARNING: Unable to find an exact match for CDP version 113, so returning the closest version found: 112
]]></system-err>
  </testcase>
  <testcase name="Verify user can create an account into Retail Website" classname="Sign in Feature" time="22.433">
    <error message="no such element: Unable to locate element: {&quot;method&quot;:&quot;xpath&quot;,&quot;selector&quot;:&quot;//h1[text()=&apos;Your Profile&apos;]&quot;}&#10;  (Session info: headless chrome=113.0.5672.129)&#10;For documentation on this error, please visit: https://selenium.dev/exceptions/#no_such_element&#10;Build info: version: &apos;4.9.0&apos;, revision: &apos;d7057100a6&apos;&#10;System info: os.name: &apos;Windows 11&apos;, os.arch: &apos;amd64&apos;, os.version: &apos;10.0&apos;, java.version: &apos;11.0.16.1&apos;&#10;Driver info: org.openqa.selenium.chrome.ChromeDriver&#10;Command: [3f635c001757cb517020c10d80edea80, findElement {using=xpath, value=//h1[text()=&apos;Your Profile&apos;]}]&#10;Capabilities {acceptInsecureCerts: false, browserName: chrome, browserVersion: 113.0.5672.129, chrome: {chromedriverVersion: 113.0.5672.63 (0e1a4471d5ae..., userDataDir: C:\Users\israr\AppData\Loca...}, goog:chromeOptions: {debuggerAddress: localhost:59463}, networkConnectionEnabled: false, pageLoadStrategy: normal, platformName: WINDOWS, proxy: Proxy(), se:cdp: ws://localhost:59463/devtoo..., se:cdpVersion: 113.0.5672.129, setWindowRect: true, strictFileInteractability: false, timeouts: {implicit: 0, pageLoad: 300000, script: 30000}, unhandledPromptBehavior: dismiss and notify, webauthn:extension:credBlob: true, webauthn:extension:largeBlob: true, webauthn:extension:minPinLength: true, webauthn:extension:prf: true, webauthn:virtualAuthenticators: true}&#10;Session ID: 3f635c001757cb517020c10d80edea80" type="org.openqa.selenium.NoSuchElementException"><![CDATA[org.openqa.selenium.NoSuchElementException: 
no such element: Unable to locate element: {"method":"xpath","selector":"//h1[text()='Your Profile']"}
  (Session info: headless chrome=113.0.5672.129)
For documentation on this error, please visit: https://selenium.dev/exceptions/#no_such_element
Build info: version: '4.9.0', revision: 'd7057100a6'
System info: os.name: 'Windows 11', os.arch: 'amd64', os.version: '10.0', java.version: '11.0.16.1'
Driver info: org.openqa.selenium.chrome.ChromeDriver
Command: [3f635c001757cb517020c10d80edea80, findElement {using=xpath, value=//h1[text()='Your Profile']}]
Capabilities {acceptInsecureCerts: false, browserName: chrome, browserVersion: 113.0.5672.129, chrome: {chromedriverVersion: 113.0.5672.63 (0e1a4471d5ae..., userDataDir: C:\Users\israr\AppData\Loca...}, goog:chromeOptions: {debuggerAddress: localhost:59463}, networkConnectionEnabled: false, pageLoadStrategy: normal, platformName: WINDOWS, proxy: Proxy(), se:cdp: ws://localhost:59463/devtoo..., se:cdpVersion: 113.0.5672.129, setWindowRect: true, strictFileInteractability: false, timeouts: {implicit: 0, pageLoad: 300000, script: 30000}, unhandledPromptBehavior: dismiss and notify, webauthn:extension:credBlob: true, webauthn:extension:largeBlob: true, webauthn:extension:minPinLength: true, webauthn:extension:prf: true, webauthn:virtualAuthenticators: true}
Session ID: 3f635c001757cb517020c10d80edea80
	at java.base/jdk.internal.reflect.NativeConstructorAccessorImpl.newInstance0(Native Method)
	at java.base/jdk.internal.reflect.NativeConstructorAccessorImpl.newInstance(NativeConstructorAccessorImpl.java:62)
	at java.base/jdk.internal.reflect.DelegatingConstructorAccessorImpl.newInstance(DelegatingConstructorAccessorImpl.java:45)
	at java.base/java.lang.reflect.Constructor.newInstance(Constructor.java:490)
	at org.openqa.selenium.remote.codec.w3c.W3CHttpResponseCodec.createException(W3CHttpResponseCodec.java:200)
	at org.openqa.selenium.remote.codec.w3c.W3CHttpResponseCodec.decode(W3CHttpResponseCodec.java:133)
	at org.openqa.selenium.remote.codec.w3c.W3CHttpResponseCodec.decode(W3CHttpResponseCodec.java:53)
	at org.openqa.selenium.remote.HttpCommandExecutor.execute(HttpCommandExecutor.java:193)
	at org.openqa.selenium.remote.service.DriverCommandExecutor.invokeExecute(DriverCommandExecutor.java:183)
	at org.openqa.selenium.remote.service.DriverCommandExecutor.execute(DriverCommandExecutor.java:158)
	at org.openqa.selenium.remote.RemoteWebDriver.execute(RemoteWebDriver.java:543)
	at org.openqa.selenium.remote.ElementLocation$ElementFinder$2.findElement(ElementLocation.java:162)
	at org.openqa.selenium.remote.ElementLocation.findElement(ElementLocation.java:60)
	at org.openqa.selenium.remote.RemoteWebDriver.findElement(RemoteWebDriver.java:352)
	at org.openqa.selenium.remote.RemoteWebDriver.findElement(RemoteWebDriver.java:344)
	at org.openqa.selenium.support.pagefactory.DefaultElementLocator.findElement(DefaultElementLocator.java:70)
	at org.openqa.selenium.support.pagefactory.internal.LocatingElementHandler.invoke(LocatingElementHandler.java:39)
	at com.sun.proxy.$Proxy24.isDisplayed(Unknown Source)
	at tek.capstone.steps.RegisterationSteps.userShouldBeLoggedIntoAccountPage(RegisterationSteps.java:46)
	at ✽.User should be logged into account page(classpath:features/SignIn.feature:21)
]]></error>
    <system-out><![CDATA[
@Regression
Scenario: Verify user can create an account into Retail Website # features/SignIn.feature:13
{browser=chrome, headless=true, url=https://tek-retail-ui.azurewebsites.net/}
 INFO [main] (SignInSteps.java:21)- User is on retail website
  Given User is on retail website                               # tek.capstone.steps.SignInSteps.userIsOnRetailWebsite()
 INFO [main] (SignInSteps.java:27)- User successfully clicked on signin option.
  When User click on Sign in option                             # tek.capstone.steps.SignInSteps.userClickOnSignInOption()
 INFO [main] (RegisterationSteps.java:21)- User successfully clicked on Create New Account button
  And User click on Create New Account button                   # tek.capstone.steps.RegisterationSteps.userClickOnCreateNewAccountButton()
 INFO [main] (RegisterationSteps.java:35)- User entered name, email, password, confirm password successfully !
  And User fill the signUp information with below data          # tek.capstone.steps.RegisterationSteps.userFillTheSignUpInformationWithBelowData(io.cucumber.datatable.DataTable)
    | name    | email                   | password  | confirmPassword |
    | student | aliomar789@tekschool.us | Tek@12345 | Tek@12345       |
 INFO [main] (RegisterationSteps.java:41)- User successfully clicked on signUp button
  And User click on SignUp button                               # tek.capstone.steps.RegisterationSteps.userClickOnSignUpButton()
  Then User should be logged into account page                  # tek.capstone.steps.RegisterationSteps.userShouldBeLoggedIntoAccountPage()
      org.openqa.selenium.NoSuchElementException: no such element: Unable to locate element: {"method":"xpath","selector":"//h1[text()='Your Profile']"}
  (Session info: headless chrome=113.0.5672.129)
For documentation on this error, please visit: https://selenium.dev/exceptions/#no_such_element
Build info: version: '4.9.0', revision: 'd7057100a6'
System info: os.name: 'Windows 11', os.arch: 'amd64', os.version: '10.0', java.version: '11.0.16.1'
Driver info: org.openqa.selenium.chrome.ChromeDriver
Command: [3f635c001757cb517020c10d80edea80, findElement {using=xpath, value=//h1[text()='Your Profile']}]
Capabilities {acceptInsecureCerts: false, browserName: chrome, browserVersion: 113.0.5672.129, chrome: {chromedriverVersion: 113.0.5672.63 (0e1a4471d5ae..., userDataDir: C:\Users\israr\AppData\Loca...}, goog:chromeOptions: {debuggerAddress: localhost:59463}, networkConnectionEnabled: false, pageLoadStrategy: normal, platformName: WINDOWS, proxy: Proxy(), se:cdp: ws://localhost:59463/devtoo..., se:cdpVersion: 113.0.5672.129, setWindowRect: true, strictFileInteractability: false, timeouts: {implicit: 0, pageLoad: 300000, script: 30000}, unhandledPromptBehavior: dismiss and notify, webauthn:extension:credBlob: true, webauthn:extension:largeBlob: true, webauthn:extension:minPinLength: true, webauthn:extension:prf: true, webauthn:virtualAuthenticators: true}
Session ID: 3f635c001757cb517020c10d80edea80
	at java.base/jdk.internal.reflect.NativeConstructorAccessorImpl.newInstance0(Native Method)
	at java.base/jdk.internal.reflect.NativeConstructorAccessorImpl.newInstance(NativeConstructorAccessorImpl.java:62)
	at java.base/jdk.internal.reflect.DelegatingConstructorAccessorImpl.newInstance(DelegatingConstructorAccessorImpl.java:45)
	at java.base/java.lang.reflect.Constructor.newInstance(Constructor.java:490)
	at org.openqa.selenium.remote.codec.w3c.W3CHttpResponseCodec.createException(W3CHttpResponseCodec.java:200)
	at org.openqa.selenium.remote.codec.w3c.W3CHttpResponseCodec.decode(W3CHttpResponseCodec.java:133)
	at org.openqa.selenium.remote.codec.w3c.W3CHttpResponseCodec.decode(W3CHttpResponseCodec.java:53)
	at org.openqa.selenium.remote.HttpCommandExecutor.execute(HttpCommandExecutor.java:193)
	at org.openqa.selenium.remote.service.DriverCommandExecutor.invokeExecute(DriverCommandExecutor.java:183)
	at org.openqa.selenium.remote.service.DriverCommandExecutor.execute(DriverCommandExecutor.java:158)
	at org.openqa.selenium.remote.RemoteWebDriver.execute(RemoteWebDriver.java:543)
	at org.openqa.selenium.remote.ElementLocation$ElementFinder$2.findElement(ElementLocation.java:162)
	at org.openqa.selenium.remote.ElementLocation.findElement(ElementLocation.java:60)
	at org.openqa.selenium.remote.RemoteWebDriver.findElement(RemoteWebDriver.java:352)
	at org.openqa.selenium.remote.RemoteWebDriver.findElement(RemoteWebDriver.java:344)
	at org.openqa.selenium.support.pagefactory.DefaultElementLocator.findElement(DefaultElementLocator.java:70)
	at org.openqa.selenium.support.pagefactory.internal.LocatingElementHandler.invoke(LocatingElementHandler.java:39)
	at com.sun.proxy.$Proxy24.isDisplayed(Unknown Source)
	at tek.capstone.steps.RegisterationSteps.userShouldBeLoggedIntoAccountPage(RegisterationSteps.java:46)
	at âœ½.User should be logged into account page(classpath:features/SignIn.feature:21)


    Embedding Verify user can create an account into Retail Website scenario Failed [iamge/png 18109 bytes]

]]></system-out>
    <system-err><![CDATA[Starting ChromeDriver 113.0.5672.63 (0e1a4471d5ae5bf128b1bd8f4d627c8cbd55f70c-refs/branch-heads/5672@{#912}) on port 21305
Only local connections are allowed.
Please see https://chromedriver.chromium.org/security-considerations for suggestions on keeping ChromeDriver safe.
ChromeDriver was started successfully.
May 31, 2023 9:14:18 PM org.openqa.selenium.devtools.CdpVersionFinder findNearestMatch
WARNING: Unable to find an exact match for CDP version 113, so returning the closest version found: 112
]]></system-err>
  </testcase>
</testsuite>